TN:
SF:/home/wsy/文档/c-sdk/cJSON/cJSON.c
FN:41,cJSON_GetErrorPtr
FN:43,cJSON_strcasecmp
FN:53,cJSON_strdup
FN:64,cJSON_InitHooks
FN:77,cJSON_New_Item
FN:85,cJSON_Delete
FN:100,parse_number
FN:123,print_number
FN:147,parse_string
FN:207,print_string_ptr
FN:242,print_string
FN:253,skip
FN:256,cJSON_Parse
FN:267,cJSON_Print
FN:268,cJSON_PrintUnformatted
FN:271,parse_value
FN:286,print_value
FN:304,parse_array
FN:332,print_array
FN:383,parse_object
FN:419,print_object
FN:477,cJSON_GetArraySize
FN:478,cJSON_GetArrayItem
FN:479,cJSON_GetObjectItem
FN:482,suffix_object
FN:484,create_reference
FN:487,cJSON_AddItemToArray
FN:488,cJSON_AddItemToObject
FN:489,cJSON_AddItemReferenceToArray
FN:490,cJSON_AddItemReferenceToObject
FN:492,cJSON_DetachItemFromArray
FN:494,cJSON_DeleteItemFromArray
FN:495,cJSON_DetachItemFromObject
FN:496,cJSON_DeleteItemFromObject
FN:499,cJSON_ReplaceItemInArray
FN:502,cJSON_ReplaceItemInObject
FN:505,cJSON_CreateNull
FN:506,cJSON_CreateTrue
FN:507,cJSON_CreateFalse
FN:508,cJSON_CreateBool
FN:509,cJSON_CreateNumber
FN:510,cJSON_CreateString
FN:511,cJSON_CreateArray
FN:512,cJSON_CreateObject
FN:515,cJSON_CreateIntArray
FN:516,cJSON_CreateFloatArray
FN:517,cJSON_CreateDoubleArray
FN:518,cJSON_CreateStringArray
FNDA:0,cJSON_GetErrorPtr
FNDA:1428,cJSON_strcasecmp
FNDA:19,cJSON_strdup
FNDA:0,cJSON_InitHooks
FNDA:1431,cJSON_New_Item
FNDA:558,cJSON_Delete
FNDA:431,parse_number
FNDA:13,print_number
FNDA:1823,parse_string
FNDA:19,print_string_ptr
FNDA:3,print_string
FNDA:5128,skip
FNDA:257,cJSON_Parse
FNDA:0,cJSON_Print
FNDA:13,cJSON_PrintUnformatted
FNDA:1402,parse_value
FNDA:29,print_value
FNDA:0,parse_array
FNDA:0,print_array
FNDA:291,parse_object
FNDA:13,print_object
FNDA:1,cJSON_GetArraySize
FNDA:0,cJSON_GetArrayItem
FNDA:678,cJSON_GetObjectItem
FNDA:3,suffix_object
FNDA:0,create_reference
FNDA:16,cJSON_AddItemToArray
FNDA:16,cJSON_AddItemToObject
FNDA:0,cJSON_AddItemReferenceToArray
FNDA:0,cJSON_AddItemReferenceToObject
FNDA:0,cJSON_DetachItemFromArray
FNDA:0,cJSON_DeleteItemFromArray
FNDA:0,cJSON_DetachItemFromObject
FNDA:0,cJSON_DeleteItemFromObject
FNDA:0,cJSON_ReplaceItemInArray
FNDA:0,cJSON_ReplaceItemInObject
FNDA:0,cJSON_CreateNull
FNDA:0,cJSON_CreateTrue
FNDA:0,cJSON_CreateFalse
FNDA:0,cJSON_CreateBool
FNDA:13,cJSON_CreateNumber
FNDA:3,cJSON_CreateString
FNDA:0,cJSON_CreateArray
FNDA:13,cJSON_CreateObject
FNDA:0,cJSON_CreateIntArray
FNDA:0,cJSON_CreateFloatArray
FNDA:0,cJSON_CreateDoubleArray
FNDA:0,cJSON_CreateStringArray
FNF:48
FNH:24
BRDA:45,0,0,0
BRDA:45,0,1,1428
BRDA:45,2,2,0
BRDA:45,2,3,1428
BRDA:46,1,0,663
BRDA:46,1,1,4302
BRDA:46,4,2,4965
BRDA:46,4,3,765
BRDA:59,0,1,0
BRDA:59,0,2,19
BRDA:66,0,0,-
BRDA:66,0,1,-
BRDA:72,0,0,-
BRDA:72,0,1,-
BRDA:73,0,0,-
BRDA:73,0,1,-
BRDA:80,9999,0,1431
BRDA:80,9999,1,0
BRDA:88,1,0,1399
BRDA:88,1,1,558
BRDA:91,0,0,1399
BRDA:91,0,1,0
BRDA:91,1,2,296
BRDA:91,1,3,1103
BRDA:92,0,0,1399
BRDA:92,0,1,0
BRDA:92,1,2,665
BRDA:92,1,3,734
BRDA:93,0,0,1137
BRDA:93,0,1,262
BRDA:105,0,0,0
BRDA:105,0,1,431
BRDA:106,0,0,0
BRDA:106,0,1,431
BRDA:107,0,0,431
BRDA:107,0,1,0
BRDA:107,1,2,431
BRDA:107,1,3,0
BRDA:107,2,4,2729
BRDA:107,2,5,393
BRDA:107,3,6,2691
BRDA:107,3,7,38
BRDA:108,0,0,0
BRDA:108,0,1,431
BRDA:108,1,2,-
BRDA:108,1,3,-
BRDA:108,2,4,-
BRDA:108,2,5,-
BRDA:108,4,6,-
BRDA:108,4,7,-
BRDA:108,5,8,-
BRDA:108,5,9,-
BRDA:109,0,0,431
BRDA:109,0,1,0
BRDA:109,1,2,0
BRDA:109,1,3,431
BRDA:110,0,0,-
BRDA:110,0,1,-
BRDA:110,2,2,-
BRDA:110,2,3,-
BRDA:111,2,0,-
BRDA:111,2,1,-
BRDA:111,3,2,-
BRDA:111,3,3,-
BRDA:127,0,0,13
BRDA:127,0,1,0
BRDA:127,1,2,13
BRDA:127,1,3,0
BRDA:127,2,4,13
BRDA:127,2,5,0
BRDA:130,9999,0,13
BRDA:130,9999,1,0
BRDA:135,9999,0,-
BRDA:135,9999,1,-
BRDA:137,0,0,-
BRDA:137,0,1,-
BRDA:138,0,0,-
BRDA:138,0,1,-
BRDA:138,1,2,-
BRDA:138,1,3,-
BRDA:150,0,0,0
BRDA:150,0,1,1823
BRDA:152,1,0,0
BRDA:152,1,1,55470
BRDA:152,3,2,55470
BRDA:152,3,3,1823
BRDA:152,4,4,55470
BRDA:152,4,5,0
BRDA:152,5,6,55470
BRDA:152,5,7,0
BRDA:155,9999,0,0
BRDA:155,9999,1,1823
BRDA:158,1,0,55470
BRDA:158,1,1,1823
BRDA:158,2,2,55470
BRDA:158,2,3,0
BRDA:160,0,0,55470
BRDA:160,0,1,0
BRDA:164,0,0,-
BRDA:164,0,1,-
BRDA:164,0,2,-
BRDA:164,0,3,-
BRDA:164,0,4,-
BRDA:164,0,5,-
BRDA:164,0,6,-
BRDA:174,0,0,-
BRDA:174,0,1,-
BRDA:174,1,2,-
BRDA:174,1,3,-
BRDA:174,2,4,-
BRDA:174,2,5,-
BRDA:176,0,0,-
BRDA:176,0,1,-
BRDA:176,1,2,-
BRDA:176,1,3,-
BRDA:178,0,0,-
BRDA:178,0,1,-
BRDA:178,1,2,-
BRDA:178,1,3,-
BRDA:180,0,0,-
BRDA:180,0,1,-
BRDA:180,1,2,-
BRDA:180,1,3,-
BRDA:184,0,0,-
BRDA:184,0,1,-
BRDA:184,2,2,-
BRDA:184,2,3,-
BRDA:184,4,4,-
BRDA:184,4,5,-
BRDA:186,0,0,-
BRDA:186,0,1,-
BRDA:186,0,2,-
BRDA:186,0,3,-
BRDA:186,0,4,-
BRDA:200,0,0,1823
BRDA:200,0,1,0
BRDA:211,0,0,0
BRDA:211,0,1,19
BRDA:212,1,0,0
BRDA:212,1,1,141
BRDA:212,3,2,0
BRDA:212,3,3,141
BRDA:212,6,4,141
BRDA:212,6,5,19
BRDA:212,7,6,141
BRDA:212,7,7,0
BRDA:215,9999,0,0
BRDA:215,9999,1,19
BRDA:219,1,0,141
BRDA:219,1,1,19
BRDA:221,0,0,141
BRDA:221,0,1,0
BRDA:221,1,2,141
BRDA:221,1,3,0
BRDA:221,2,4,141
BRDA:221,2,5,0
BRDA:225,0,0,-
BRDA:225,0,1,-
BRDA:225,0,2,-
BRDA:225,0,3,-
BRDA:225,0,4,-
BRDA:225,0,5,-
BRDA:225,0,6,-
BRDA:225,0,7,-
BRDA:253,2,0,5128
BRDA:253,2,1,0
BRDA:253,3,2,5128
BRDA:253,3,3,0
BRDA:253,4,4,0
BRDA:253,4,5,5128
BRDA:260,9999,0,0
BRDA:260,9999,1,257
BRDA:262,0,2,2
BRDA:262,0,3,255
BRDA:273,0,0,0
BRDA:273,0,1,1402
BRDA:274,0,0,0
BRDA:274,0,1,1402
BRDA:275,0,0,0
BRDA:275,0,1,1402
BRDA:276,0,0,0
BRDA:276,0,1,1402
BRDA:277,0,0,678
BRDA:277,0,1,724
BRDA:278,0,0,724
BRDA:278,0,1,0
BRDA:278,1,2,724
BRDA:278,1,3,0
BRDA:278,2,4,431
BRDA:278,2,5,293
BRDA:279,0,0,0
BRDA:279,0,1,293
BRDA:280,0,0,291
BRDA:280,0,1,2
BRDA:289,0,0,0
BRDA:289,0,1,29
BRDA:290,0,0,0
BRDA:290,0,1,0
BRDA:290,0,2,0
BRDA:290,0,3,13
BRDA:290,0,4,3
BRDA:290,0,5,0
BRDA:290,0,6,13
BRDA:290,0,7,0
BRDA:307,0,0,-
BRDA:307,0,1,-
BRDA:311,9999,0,-
BRDA:311,9999,1,-
BRDA:314,9999,0,-
BRDA:314,9999,1,-
BRDA:316,9999,0,-
BRDA:316,9999,1,-
BRDA:318,1,0,-
BRDA:318,1,1,-
BRDA:321,0,1,-
BRDA:321,0,2,-
BRDA:324,9999,0,-
BRDA:324,9999,1,-
BRDA:327,0,0,-
BRDA:327,0,1,-
BRDA:340,2,0,-
BRDA:340,2,1,-
BRDA:343,9999,0,-
BRDA:343,9999,1,-
BRDA:347,1,0,-
BRDA:347,1,1,-
BRDA:347,2,2,-
BRDA:347,2,3,-
BRDA:351,9999,0,-
BRDA:351,9999,1,-
BRDA:351,0,2,-
BRDA:351,0,3,-
BRDA:356,0,0,-
BRDA:356,0,1,-
BRDA:358,0,0,-
BRDA:358,0,1,-
BRDA:361,0,0,-
BRDA:361,0,1,-
BRDA:363,1,0,-
BRDA:363,1,1,-
BRDA:363,4,3,-
BRDA:363,4,4,-
BRDA:371,1,0,-
BRDA:371,1,1,-
BRDA:374,0,0,-
BRDA:374,0,1,-
BRDA:374,1,2,-
BRDA:374,1,3,-
BRDA:386,0,0,0
BRDA:386,0,1,291
BRDA:390,9999,0,0
BRDA:390,9999,1,291
BRDA:393,9999,0,0
BRDA:393,9999,1,291
BRDA:395,9999,0,0
BRDA:395,9999,1,291
BRDA:397,0,0,0
BRDA:397,0,1,291
BRDA:399,9999,0,0
BRDA:399,9999,1,291
BRDA:401,1,0,854
BRDA:401,1,1,291
BRDA:404,0,1,0
BRDA:404,0,2,854
BRDA:407,9999,0,0
BRDA:407,9999,1,854
BRDA:409,0,0,0
BRDA:409,0,1,854
BRDA:411,9999,0,0
BRDA:411,9999,1,854
BRDA:414,0,0,291
BRDA:414,0,1,0
BRDA:426,2,0,16
BRDA:426,2,1,13
BRDA:429,9999,0,0
BRDA:429,9999,1,13
BRDA:431,9999,0,0
BRDA:431,9999,1,13
BRDA:436,0,0,0
BRDA:436,0,1,13
BRDA:437,1,0,16
BRDA:437,1,1,13
BRDA:441,9999,0,16
BRDA:441,9999,1,0
BRDA:441,0,2,16
BRDA:441,0,3,0
BRDA:441,1,4,0
BRDA:441,1,5,16
BRDA:446,0,0,13
BRDA:446,0,1,0
BRDA:447,0,0,0
BRDA:447,0,1,13
BRDA:450,0,0,0
BRDA:450,0,1,13
BRDA:452,1,0,-
BRDA:452,1,1,-
BRDA:452,3,3,-
BRDA:452,3,4,-
BRDA:452,6,6,-
BRDA:452,6,7,-
BRDA:458,0,0,0
BRDA:458,0,1,13
BRDA:459,1,0,16
BRDA:459,1,1,13
BRDA:461,0,0,0
BRDA:461,0,1,16
BRDA:461,3,2,-
BRDA:461,3,3,-
BRDA:463,0,0,0
BRDA:463,0,1,16
BRDA:465,0,0,3
BRDA:465,0,1,13
BRDA:466,0,0,0
BRDA:466,0,1,16
BRDA:471,9999,0,0
BRDA:471,9999,1,13
BRDA:471,2,2,-
BRDA:471,2,3,-
BRDA:477,2,0,36
BRDA:477,2,1,1
BRDA:478,2,0,-
BRDA:478,2,1,-
BRDA:478,3,2,-
BRDA:478,3,3,-
BRDA:479,2,0,1428
BRDA:479,2,1,15
BRDA:479,3,3,765
BRDA:479,3,4,663
BRDA:484,0,1,-
BRDA:484,0,2,-
BRDA:487,0,0,0
BRDA:487,0,1,16
BRDA:487,2,2,13
BRDA:487,2,3,3
BRDA:487,6,4,6
BRDA:487,6,5,0
BRDA:487,7,6,3
BRDA:487,7,7,3
BRDA:488,0,0,0
BRDA:488,0,1,16
BRDA:488,2,2,0
BRDA:488,2,3,16
BRDA:492,2,0,-
BRDA:492,2,1,-
BRDA:492,3,2,-
BRDA:492,3,3,-
BRDA:492,4,4,-
BRDA:492,4,5,-
BRDA:493,0,0,-
BRDA:493,0,1,-
BRDA:493,2,2,-
BRDA:493,2,3,-
BRDA:493,4,4,-
BRDA:493,4,5,-
BRDA:495,2,0,-
BRDA:495,2,1,-
BRDA:495,3,3,-
BRDA:495,3,4,-
BRDA:495,4,5,-
BRDA:495,4,6,-
BRDA:499,2,0,-
BRDA:499,2,1,-
BRDA:499,3,2,-
BRDA:499,3,3,-
BRDA:499,4,4,-
BRDA:499,4,5,-
BRDA:500,0,0,-
BRDA:500,0,1,-
BRDA:501,0,0,-
BRDA:501,0,1,-
BRDA:502,2,0,-
BRDA:502,2,1,-
BRDA:502,3,3,-
BRDA:502,3,4,-
BRDA:502,4,5,-
BRDA:502,4,6,-
BRDA:505,0,1,-
BRDA:505,0,2,-
BRDA:506,0,1,-
BRDA:506,0,2,-
BRDA:507,0,1,-
BRDA:507,0,2,-
BRDA:508,0,1,-
BRDA:508,0,2,-
BRDA:509,0,1,13
BRDA:509,0,2,0
BRDA:510,0,1,3
BRDA:510,0,2,0
BRDA:511,0,1,-
BRDA:511,0,2,-
BRDA:512,0,1,13
BRDA:512,0,2,0
BRDA:515,1,2,-
BRDA:515,1,3,-
BRDA:515,5,5,-
BRDA:515,5,6,-
BRDA:515,6,7,-
BRDA:515,6,8,-
BRDA:516,1,2,-
BRDA:516,1,3,-
BRDA:516,5,5,-
BRDA:516,5,6,-
BRDA:516,6,7,-
BRDA:516,6,8,-
BRDA:517,1,2,-
BRDA:517,1,3,-
BRDA:517,5,5,-
BRDA:517,5,6,-
BRDA:517,6,7,-
BRDA:517,6,8,-
BRDA:518,1,2,-
BRDA:518,1,3,-
BRDA:518,5,5,-
BRDA:518,5,6,-
BRDA:518,6,7,-
BRDA:518,6,8,-
BRF:416
BRH:132
DA:41,0
DA:43,1428
DA:45,1428
DA:46,5730
DA:47,1428
DA:53,19
DA:58,19
DA:59,19
DA:60,19
DA:61,19
DA:64,0
DA:66,0
DA:67,0
DA:68,0
DA:69,0
DA:72,0
DA:73,0
DA:77,1431
DA:79,1431
DA:80,1431
DA:81,1431
DA:85,558
DA:88,1957
DA:90,1399
DA:91,1399
DA:92,1399
DA:93,1399
DA:94,1399
DA:95,1399
DA:97,558
DA:100,431
DA:102,431
DA:105,431
DA:106,431
DA:107,3122
DA:108,431
DA:109,431
DA:110,0
DA:111,0
DA:114,431
DA:116,431
DA:117,431
DA:118,431
DA:119,431
DA:123,13
DA:126,13
DA:127,13
DA:129,13
DA:130,13
DA:134,0
DA:135,0
DA:137,0
DA:138,0
DA:139,0
DA:142,13
DA:147,1823
DA:149,1823
DA:150,1823
DA:152,57293
DA:154,1823
DA:155,1823
DA:157,1823
DA:158,57293
DA:160,55470
DA:163,0
DA:164,0
DA:166,0
DA:167,0
DA:168,0
DA:169,0
DA:170,0
DA:172,0
DA:174,0
DA:176,0
DA:178,0
DA:179,0
DA:180,0
DA:181,0
DA:184,0
DA:186,0
DA:187,0
DA:188,0
DA:189,0
DA:190,0
DA:192,0
DA:193,0
DA:194,0
DA:196,0
DA:199,1823
DA:200,1823
DA:201,1823
DA:202,1823
DA:203,1823
DA:207,19
DA:209,19
DA:211,19
DA:212,160
DA:214,19
DA:215,19
DA:217,19
DA:218,19
DA:219,160
DA:221,141
DA:224,0
DA:225,0
DA:227,0
DA:228,0
DA:229,0
DA:230,0
DA:231,0
DA:232,0
DA:233,0
DA:234,0
DA:238,19
DA:239,19
DA:242,3
DA:253,5128
DA:256,257
DA:258,257
DA:259,257
DA:260,257
DA:262,257
DA:263,257
DA:267,0
DA:268,13
DA:271,1402
DA:273,1402
DA:274,1402
DA:275,1402
DA:276,1402
DA:277,1402
DA:278,724
DA:279,293
DA:280,293
DA:282,1402
DA:286,29
DA:288,29
DA:289,29
DA:290,29
DA:292,0
DA:293,0
DA:294,0
DA:295,13
DA:296,3
DA:297,0
DA:298,13
DA:300,29
DA:304,0
DA:307,0
DA:309,0
DA:310,0
DA:311,0
DA:313,0
DA:314,0
DA:315,0
DA:316,0
DA:318,0
DA:321,0
DA:322,0
DA:323,0
DA:324,0
DA:327,0
DA:328,0
DA:332,0
DA:335,0
DA:336,0
DA:337,0
DA:340,0
DA:342,0
DA:343,0
DA:344,0
DA:346,0
DA:347,0
DA:349,0
DA:350,0
DA:351,0
DA:352,0
DA:356,0
DA:358,0
DA:361,0
DA:363,0
DA:364,0
DA:365,0
DA:369,0
DA:370,0
DA:371,0
DA:373,0
DA:374,0
DA:375,0
DA:377,0
DA:378,0
DA:379,0
DA:383,291
DA:386,291
DA:388,291
DA:389,291
DA:390,291
DA:392,291
DA:393,291
DA:394,291
DA:395,291
DA:396,291
DA:397,291
DA:398,291
DA:399,291
DA:401,1145
DA:404,854
DA:405,854
DA:406,854
DA:407,854
DA:408,854
DA:409,854
DA:410,854
DA:411,854
DA:414,291
DA:415,291
DA:419,13
DA:421,13
DA:422,13
DA:423,13
DA:424,13
DA:426,29
DA:428,13
DA:429,13
DA:430,13
DA:431,13
DA:432,13
DA:433,13
DA:436,13
DA:437,29
DA:439,16
DA:440,16
DA:441,16
DA:442,16
DA:446,13
DA:447,13
DA:450,13
DA:452,0
DA:453,0
DA:454,0
DA:458,13
DA:459,29
DA:461,16
DA:462,16
DA:463,16
DA:464,16
DA:465,16
DA:466,16
DA:467,16
DA:470,13
DA:471,13
DA:472,13
DA:473,13
DA:477,37
DA:478,0
DA:479,1443
DA:482,3
DA:484,0
DA:487,19
DA:488,16
DA:489,0
DA:490,0
DA:492,0
DA:493,0
DA:494,0
DA:495,0
DA:496,0
DA:499,0
DA:500,0
DA:501,0
DA:502,0
DA:505,0
DA:506,0
DA:507,0
DA:508,0
DA:509,13
DA:510,3
DA:511,0
DA:512,13
DA:515,0
DA:516,0
DA:517,0
DA:518,0
LF:283
LH:159
end_of_record
TN:
SF:/usr/include/curl/typecheck-gcc.h
FN:147,_curl_easy_setopt_err_long
FN:149,_curl_easy_setopt_err_curl_off_t
FN:151,_curl_easy_setopt_err_string
FN:155,_curl_easy_setopt_err_write_callback
FN:157,_curl_easy_setopt_err_read_cb
FN:159,_curl_easy_setopt_err_ioctl_cb
FN:161,_curl_easy_setopt_err_sockopt_cb
FN:163,_curl_easy_setopt_err_opensocket_cb
FN:167,_curl_easy_setopt_err_progress_cb
FN:169,_curl_easy_setopt_err_debug_cb
FN:171,_curl_easy_setopt_err_ssl_ctx_cb
FN:173,_curl_easy_setopt_err_conv_cb
FN:175,_curl_easy_setopt_err_seek_cb
FN:177,_curl_easy_setopt_err_cb_data
FN:180,_curl_easy_setopt_err_error_buffer
FN:183,_curl_easy_setopt_err_FILE
FN:185,_curl_easy_setopt_err_postfields
FN:187,_curl_easy_setopt_err_curl_httpost
FN:189,_curl_easy_setopt_err_curl_slist
FN:191,_curl_easy_setopt_err_CURLSH
FN:194,_curl_easy_getinfo_err_string
FN:196,_curl_easy_getinfo_err_long
FN:198,_curl_easy_getinfo_err_double
FN:200,_curl_easy_getinfo_err_curl_slist
FNDA:0,_curl_easy_setopt_err_long
FNDA:0,_curl_easy_setopt_err_curl_off_t
FNDA:0,_curl_easy_setopt_err_string
FNDA:0,_curl_easy_setopt_err_write_callback
FNDA:0,_curl_easy_setopt_err_read_cb
FNDA:0,_curl_easy_setopt_err_ioctl_cb
FNDA:0,_curl_easy_setopt_err_sockopt_cb
FNDA:0,_curl_easy_setopt_err_opensocket_cb
FNDA:0,_curl_easy_setopt_err_progress_cb
FNDA:0,_curl_easy_setopt_err_debug_cb
FNDA:0,_curl_easy_setopt_err_ssl_ctx_cb
FNDA:0,_curl_easy_setopt_err_conv_cb
FNDA:0,_curl_easy_setopt_err_seek_cb
FNDA:0,_curl_easy_setopt_err_cb_data
FNDA:0,_curl_easy_setopt_err_error_buffer
FNDA:0,_curl_easy_setopt_err_FILE
FNDA:0,_curl_easy_setopt_err_postfields
FNDA:0,_curl_easy_setopt_err_curl_httpost
FNDA:0,_curl_easy_setopt_err_curl_slist
FNDA:0,_curl_easy_setopt_err_CURLSH
FNDA:0,_curl_easy_getinfo_err_string
FNDA:0,_curl_easy_getinfo_err_long
FNDA:0,_curl_easy_getinfo_err_double
FNDA:0,_curl_easy_getinfo_err_curl_slist
FNF:24
FNH:0
DA:147,0
DA:149,0
DA:151,0
DA:155,0
DA:157,0
DA:159,0
DA:161,0
DA:163,0
DA:167,0
DA:169,0
DA:171,0
DA:173,0
DA:175,0
DA:177,0
DA:180,0
DA:183,0
DA:185,0
DA:187,0
DA:189,0
DA:191,0
DA:194,0
DA:196,0
DA:198,0
DA:200,0
LF:24
LH:0
end_of_record
SF:/home/wsy/文档/c-sdk/unit-test/test_suite_oauth2.c
FN:31,test_QBox_Oauth2
FN:42,test_QBox_Oauth2_digest
FN:69,test_QBox_Json_GetString
FN:90,test_QBox_Json_GetInt64
FN:122,suite_oauth2_init
FN:136,suite_oauth2_clean
FN:154,AddTestsOauth2
FNDA:1,test_QBox_Oauth2
FNDA:1,test_QBox_Oauth2_digest
FNDA:1,test_QBox_Json_GetString
FNDA:1,test_QBox_Json_GetInt64
FNDA:1,suite_oauth2_init
FNDA:1,suite_oauth2_clean
FNDA:1,AddTestsOauth2
FNF:7
FNH:7
BRDA:50,9999,0,0
BRDA:50,9999,1,1
BRDA:156,0,1,0
BRDA:156,0,2,1
BRDA:157,0,1,0
BRDA:157,0,2,1
BRDA:160,0,1,0
BRDA:160,0,2,1
BRF:8
BRH:4
DA:31,1
DA:33,1
DA:34,1
DA:35,1
DA:36,1
DA:37,1
DA:38,1
DA:40,1
DA:42,1
DA:43,1
DA:45,1
DA:47,1
DA:48,1
DA:49,1
DA:50,1
DA:51,0
DA:52,0
DA:55,1
DA:56,1
DA:57,1
DA:58,1
DA:60,1
DA:62,1
DA:63,1
DA:64,1
DA:65,1
DA:66,1
DA:67,1
DA:69,1
DA:71,1
DA:72,1
DA:73,1
DA:74,1
DA:75,1
DA:76,1
DA:79,1
DA:80,1
DA:81,1
DA:82,1
DA:83,1
DA:84,1
DA:85,1
DA:86,1
DA:87,1
DA:88,1
DA:90,1
DA:92,1
DA:93,1
DA:94,1
DA:95,1
DA:96,1
DA:97,1
DA:98,1
DA:101,1
DA:103,1
DA:104,1
DA:105,1
DA:106,1
DA:107,1
DA:108,1
DA:109,1
DA:110,1
DA:122,1
DA:125,1
DA:126,1
DA:128,1
DA:129,1
DA:131,1
DA:133,1
DA:136,1
DA:138,1
DA:139,1
DA:141,1
DA:143,1
DA:154,1
DA:156,1
DA:157,1
DA:160,1
DA:161,0
DA:162,0
DA:164,1
LF:81
LH:77
end_of_record
TN:
SF:/home/wsy/文档/c-sdk/qbox/image.c
FN:16,QBox_IMG_Info
FN:39,QBox_IMG_Exif
FN:77,QBox_IMG_ExifRet_Release
FN:85,QBox_IMG_InitViewOpts
FN:94,_dirtycat
FN:111,_dirtycat2
FN:131,_dirtycat2n
FN:143,QBox_IMG_ViewURL
FN:171,QBox_IMG_InitMogrOpts
FN:176,QBox_IMG_MogrifyURL
FN:204,QBox_IMG_SaveAs
FNDA:2,QBox_IMG_Info
FNDA:2,QBox_IMG_Exif
FNDA:1,QBox_IMG_ExifRet_Release
FNDA:2,QBox_IMG_InitViewOpts
FNDA:15,_dirtycat
FNDA:143,_dirtycat2
FNDA:47,_dirtycat2n
FNDA:9,QBox_IMG_ViewURL
FNDA:2,QBox_IMG_InitMogrOpts
FNDA:17,QBox_IMG_MogrifyURL
FNDA:9,QBox_IMG_SaveAs
FNF:11
FNH:11
BRDA:27,9999,0,1
BRDA:27,9999,1,1
BRDA:53,9999,0,1
BRDA:53,9999,1,1
BRDA:58,0,0,36
BRDA:58,0,1,1
BRDA:63,0,0,36
BRDA:63,0,1,0
BRDA:66,0,0,36
BRDA:66,0,1,0
BRDA:98,0,0,15
BRDA:98,0,1,0
BRDA:98,1,2,0
BRDA:98,1,3,15
BRDA:116,0,0,143
BRDA:116,0,1,0
BRDA:116,1,2,143
BRDA:116,1,3,0
BRDA:116,2,4,84
BRDA:116,2,5,59
BRDA:116,3,6,1
BRDA:116,3,7,83
BRDA:134,0,0,15
BRDA:134,0,1,32
BRDA:161,9999,0,2
BRDA:161,9999,1,7
BRDA:194,9999,0,15
BRDA:194,9999,1,2
BRDA:223,9999,0,8
BRDA:223,9999,1,1
BRF:30
BRH:24
DA:16,2
DA:22,2
DA:24,2
DA:25,2
DA:27,2
DA:28,1
DA:29,1
DA:30,1
DA:31,1
DA:33,2
DA:39,2
DA:48,2
DA:50,2
DA:51,2
DA:53,2
DA:54,1
DA:55,1
DA:56,1
DA:57,1
DA:58,37
DA:59,36
DA:60,36
DA:61,36
DA:62,36
DA:63,36
DA:64,36
DA:65,36
DA:66,36
DA:67,36
DA:70,36
DA:71,36
DA:74,2
DA:77,1
DA:79,1
DA:80,1
DA:85,2
DA:87,2
DA:88,2
DA:89,2
DA:90,2
DA:91,2
DA:92,2
DA:94,15
DA:96,15
DA:97,15
DA:98,15
DA:99,0
DA:102,15
DA:103,15
DA:104,15
DA:105,15
DA:106,15
DA:108,15
DA:111,143
DA:113,143
DA:114,143
DA:115,143
DA:116,143
DA:117,60
DA:120,83
DA:121,83
DA:122,83
DA:123,83
DA:124,83
DA:125,83
DA:126,83
DA:128,143
DA:131,47
DA:133,47
DA:134,47
DA:135,15
DA:138,32
DA:139,47
DA:143,9
DA:145,9
DA:146,9
DA:147,9
DA:148,9
DA:150,9
DA:152,9
DA:153,9
DA:155,9
DA:156,9
DA:157,9
DA:158,9
DA:159,9
DA:160,9
DA:161,9
DA:162,2
DA:165,9
DA:171,2
DA:173,2
DA:174,2
DA:176,17
DA:178,17
DA:179,17
DA:180,17
DA:181,17
DA:183,17
DA:185,17
DA:186,17
DA:188,17
DA:189,17
DA:190,17
DA:191,17
DA:192,17
DA:193,17
DA:194,17
DA:195,15
DA:198,17
DA:204,9
DA:211,9
DA:212,9
DA:213,9
DA:214,9
DA:216,9
DA:218,9
DA:219,9
DA:220,9
DA:221,9
DA:223,9
DA:224,8
DA:226,9
LF:123
LH:122
end_of_record
TN:
SF:/usr/include/curl/typecheck-gcc.h
FN:147,_curl_easy_setopt_err_long
FN:149,_curl_easy_setopt_err_curl_off_t
FN:151,_curl_easy_setopt_err_string
FN:155,_curl_easy_setopt_err_write_callback
FN:157,_curl_easy_setopt_err_read_cb
FN:159,_curl_easy_setopt_err_ioctl_cb
FN:161,_curl_easy_setopt_err_sockopt_cb
FN:163,_curl_easy_setopt_err_opensocket_cb
FN:167,_curl_easy_setopt_err_progress_cb
FN:169,_curl_easy_setopt_err_debug_cb
FN:171,_curl_easy_setopt_err_ssl_ctx_cb
FN:173,_curl_easy_setopt_err_conv_cb
FN:175,_curl_easy_setopt_err_seek_cb
FN:177,_curl_easy_setopt_err_cb_data
FN:180,_curl_easy_setopt_err_error_buffer
FN:183,_curl_easy_setopt_err_FILE
FN:185,_curl_easy_setopt_err_postfields
FN:187,_curl_easy_setopt_err_curl_httpost
FN:189,_curl_easy_setopt_err_curl_slist
FN:191,_curl_easy_setopt_err_CURLSH
FN:194,_curl_easy_getinfo_err_string
FN:196,_curl_easy_getinfo_err_long
FN:198,_curl_easy_getinfo_err_double
FN:200,_curl_easy_getinfo_err_curl_slist
FNDA:0,_curl_easy_setopt_err_long
FNDA:0,_curl_easy_setopt_err_curl_off_t
FNDA:0,_curl_easy_setopt_err_string
FNDA:0,_curl_easy_setopt_err_write_callback
FNDA:0,_curl_easy_setopt_err_read_cb
FNDA:0,_curl_easy_setopt_err_ioctl_cb
FNDA:0,_curl_easy_setopt_err_sockopt_cb
FNDA:0,_curl_easy_setopt_err_opensocket_cb
FNDA:0,_curl_easy_setopt_err_progress_cb
FNDA:0,_curl_easy_setopt_err_debug_cb
FNDA:0,_curl_easy_setopt_err_ssl_ctx_cb
FNDA:0,_curl_easy_setopt_err_conv_cb
FNDA:0,_curl_easy_setopt_err_seek_cb
FNDA:0,_curl_easy_setopt_err_cb_data
FNDA:0,_curl_easy_setopt_err_error_buffer
FNDA:0,_curl_easy_setopt_err_FILE
FNDA:0,_curl_easy_setopt_err_postfields
FNDA:0,_curl_easy_setopt_err_curl_httpost
FNDA:0,_curl_easy_setopt_err_curl_slist
FNDA:0,_curl_easy_setopt_err_CURLSH
FNDA:0,_curl_easy_getinfo_err_string
FNDA:0,_curl_easy_getinfo_err_long
FNDA:0,_curl_easy_getinfo_err_double
FNDA:0,_curl_easy_getinfo_err_curl_slist
FNF:24
FNH:0
DA:147,0
DA:149,0
DA:151,0
DA:155,0
DA:157,0
DA:159,0
DA:161,0
DA:163,0
DA:167,0
DA:169,0
DA:171,0
DA:173,0
DA:175,0
DA:177,0
DA:180,0
DA:183,0
DA:185,0
DA:187,0
DA:189,0
DA:191,0
DA:194,0
DA:196,0
DA:198,0
DA:200,0
LF:24
LH:0
end_of_record
SF:/home/wsy/文档/c-sdk/unit-test/test_suite_oauth2_passwd.c
FN:31,test_QBox_Token_set
FN:40,test_QBox_Token_Release
FN:48,test_QBox_Token_ExchangeByPassword
FN:62,test_Token_Refresh
FN:75,test_QBox_Token_ExchangeByRefreshToken
FN:87,test_QBox_PasswordAuth
FN:105,test_QBox_PasswordAuth_Auth
FN:132,test_QBox_PasswordAuth_Auth_err
FN:171,suite_oauth2_passwd_init
FN:182,suite_oauth2_passwd_clean
FN:199,AddTestsOauth2Passwd
FNDA:1,test_QBox_Token_set
FNDA:1,test_QBox_Token_Release
FNDA:1,test_QBox_Token_ExchangeByPassword
FNDA:1,test_Token_Refresh
FNDA:1,test_QBox_Token_ExchangeByRefreshToken
FNDA:1,test_QBox_PasswordAuth
FNDA:1,test_QBox_PasswordAuth_Auth
FNDA:1,test_QBox_PasswordAuth_Auth_err
FNDA:1,suite_oauth2_passwd_init
FNDA:1,suite_oauth2_passwd_clean
FNDA:1,AddTestsOauth2Passwd
FNF:11
FNH:11
BRDA:201,0,1,0
BRDA:201,0,2,1
BRDA:202,0,1,0
BRDA:202,0,2,1
BRDA:205,0,1,0
BRDA:205,0,2,1
BRF:6
BRH:3
DA:31,1
DA:32,1
DA:33,1
DA:34,1
DA:35,1
DA:37,1
DA:38,1
DA:40,1
DA:41,1
DA:42,1
DA:43,1
DA:44,1
DA:46,1
DA:48,1
DA:49,1
DA:50,1
DA:51,1
DA:53,1
DA:54,1
DA:56,1
DA:57,1
DA:58,1
DA:59,1
DA:62,1
DA:63,1
DA:65,1
DA:66,1
DA:67,1
DA:68,1
DA:69,1
DA:70,1
DA:72,1
DA:73,1
DA:75,1
DA:76,1
DA:77,1
DA:78,1
DA:79,1
DA:80,1
DA:81,1
DA:82,1
DA:84,1
DA:85,1
DA:87,1
DA:88,1
DA:89,1
DA:90,1
DA:91,1
DA:92,1
DA:93,1
DA:94,1
DA:95,1
DA:97,1
DA:98,1
DA:99,1
DA:100,1
DA:102,1
DA:103,1
DA:104,1
DA:105,1
DA:109,1
DA:111,1
DA:112,1
DA:113,1
DA:114,1
DA:115,1
DA:116,1
DA:117,1
DA:119,1
DA:120,1
DA:121,1
DA:122,1
DA:124,1
DA:125,1
DA:127,1
DA:128,1
DA:129,1
DA:130,1
DA:132,1
DA:134,1
DA:136,1
DA:137,1
DA:138,1
DA:139,1
DA:140,1
DA:141,1
DA:143,1
DA:144,1
DA:146,1
DA:148,1
DA:149,1
DA:151,1
DA:153,1
DA:154,1
DA:155,1
DA:171,1
DA:175,1
DA:176,1
DA:179,1
DA:182,1
DA:184,1
DA:186,1
DA:188,1
DA:199,1
DA:201,1
DA:202,1
DA:205,1
DA:206,0
DA:207,0
DA:209,1
LF:110
LH:108
end_of_record
TN:
SF:/home/wsy/文档/c-sdk/qbox/rs.c
FN:17,QBox_RS_PutAuth
FN:34,QBox_RS_PutAuthEx
FN:69,QBox_RS_Put
FN:109,QBox_RS_PutFile
FN:129,QBox_RS_PutStream
FN:172,QBox_RS_Get
FN:208,QBox_RS_GetIfNotModified
FN:247,QBox_RS_Stat
FN:275,QBox_RS_Publish
FN:289,QBox_RS_Unpublish
FN:306,QBox_RS_Delete
FN:326,QBox_RS_Create
FN:338,QBox_RS_Drop
FNDA:3,QBox_RS_PutAuth
FNDA:4,QBox_RS_PutAuthEx
FNDA:14,QBox_RS_Put
FNDA:9,QBox_RS_PutFile
FNDA:0,QBox_RS_PutStream
FNDA:12,QBox_RS_Get
FNDA:3,QBox_RS_GetIfNotModified
FNDA:4,QBox_RS_Stat
FNDA:2,QBox_RS_Publish
FNDA:2,QBox_RS_Unpublish
FNDA:24,QBox_RS_Delete
FNDA:18,QBox_RS_Create
FNDA:17,QBox_RS_Drop
FNF:13
FNH:12
BRDA:27,9999,0,2
BRDA:27,9999,1,1
BRDA:48,9999,0,2
BRDA:48,9999,1,2
BRDA:48,0,2,1
BRDA:48,0,3,1
BRDA:59,9999,0,2
BRDA:59,9999,1,2
BRDA:83,9999,0,7
BRDA:83,9999,1,7
BRDA:92,9999,0,5
BRDA:92,9999,1,9
BRDA:92,0,2,1
BRDA:92,0,3,4
BRDA:103,9999,0,11
BRDA:103,9999,1,3
BRDA:116,9999,0,1
BRDA:116,9999,1,8
BRDA:143,9999,0,-
BRDA:143,9999,1,-
BRDA:152,9999,0,-
BRDA:152,9999,1,-
BRDA:152,0,2,-
BRDA:152,0,3,-
BRDA:163,9999,0,-
BRDA:163,9999,1,-
BRDA:187,9999,0,2
BRDA:187,9999,1,10
BRDA:198,9999,0,11
BRDA:198,9999,1,1
BRDA:223,9999,0,1
BRDA:223,9999,1,2
BRDA:234,9999,0,2
BRDA:234,9999,1,1
BRDA:263,9999,0,2
BRDA:263,9999,1,2
BRF:36
BRH:28
DA:17,3
DA:22,3
DA:24,3
DA:25,3
DA:27,3
DA:28,2
DA:29,2
DA:31,3
DA:34,4
DA:44,4
DA:46,4
DA:48,4
DA:49,1
DA:50,1
DA:51,1
DA:52,1
DA:53,1
DA:56,4
DA:57,4
DA:59,4
DA:60,2
DA:61,2
DA:63,4
DA:69,14
DA:76,14
DA:77,14
DA:83,14
DA:84,7
DA:87,14
DA:88,14
DA:89,14
DA:90,14
DA:92,14
DA:93,1
DA:94,1
DA:95,1
DA:96,1
DA:97,1
DA:100,14
DA:101,14
DA:103,14
DA:104,11
DA:106,14
DA:109,9
DA:115,9
DA:116,9
DA:117,1
DA:118,1
DA:119,1
DA:121,8
DA:122,8
DA:123,8
DA:124,8
DA:125,8
DA:126,9
DA:129,0
DA:136,0
DA:137,0
DA:143,0
DA:144,0
DA:147,0
DA:148,0
DA:149,0
DA:150,0
DA:152,0
DA:153,0
DA:154,0
DA:155,0
DA:156,0
DA:157,0
DA:160,0
DA:161,0
DA:163,0
DA:164,0
DA:166,0
DA:172,12
DA:178,12
DA:179,12
DA:180,12
DA:184,12
DA:185,12
DA:187,12
DA:188,2
DA:189,2
DA:190,2
DA:191,2
DA:192,2
DA:195,12
DA:196,12
DA:198,12
DA:199,11
DA:200,11
DA:201,11
DA:202,11
DA:203,11
DA:205,12
DA:208,3
DA:214,3
DA:215,3
DA:216,3
DA:220,3
DA:221,3
DA:223,3
DA:224,1
DA:225,1
DA:226,1
DA:227,1
DA:228,1
DA:231,3
DA:232,3
DA:234,3
DA:235,2
DA:236,2
DA:237,2
DA:238,2
DA:239,2
DA:241,3
DA:247,4
DA:253,4
DA:254,4
DA:255,4
DA:257,4
DA:258,4
DA:260,4
DA:261,4
DA:263,4
DA:264,2
DA:265,2
DA:266,2
DA:267,2
DA:269,4
DA:275,2
DA:279,2
DA:280,2
DA:281,2
DA:283,2
DA:284,2
DA:286,2
DA:289,2
DA:293,2
DA:294,2
DA:295,2
DA:297,2
DA:298,2
DA:300,2
DA:306,24
DA:310,24
DA:311,24
DA:312,24
DA:314,24
DA:315,24
DA:317,24
DA:318,24
DA:320,24
DA:326,18
DA:330,18
DA:332,18
DA:333,18
DA:335,18
DA:338,17
DA:342,17
DA:344,17
DA:345,17
DA:347,17
LF:164
LH:144
end_of_record
TN:
SF:/home/wsy/文档/c-sdk/qbox/auth_policy.c
FN:19,QBox_AuthPolicy_json
FN:51,QBox_MakeUpToken
FNDA:13,QBox_AuthPolicy_json
FNDA:13,QBox_MakeUpToken
FNF:2
FNH:2
BRDA:26,9999,0,1
BRDA:26,9999,1,12
BRDA:29,0,0,1
BRDA:29,0,1,12
BRDA:32,0,0,1
BRDA:32,0,1,12
BRDA:36,0,0,1
BRDA:36,0,1,12
BRF:8
BRH:8
DA:19,13
DA:24,13
DA:26,13
DA:27,1
DA:29,13
DA:30,1
DA:32,13
DA:33,1
DA:36,13
DA:37,1
DA:39,12
DA:41,13
DA:42,13
DA:43,13
DA:45,13
DA:46,13
DA:48,13
DA:51,13
DA:58,13
DA:62,13
DA:63,13
DA:65,13
DA:66,13
DA:67,13
DA:69,13
DA:71,13
DA:72,13
DA:73,13
DA:74,13
DA:75,13
DA:77,13
DA:78,13
DA:79,13
DA:80,13
DA:82,13
LF:35
LH:35
end_of_record
TN:
SF:/usr/include/curl/typecheck-gcc.h
FN:147,_curl_easy_setopt_err_long
FN:149,_curl_easy_setopt_err_curl_off_t
FN:151,_curl_easy_setopt_err_string
FN:155,_curl_easy_setopt_err_write_callback
FN:157,_curl_easy_setopt_err_read_cb
FN:159,_curl_easy_setopt_err_ioctl_cb
FN:161,_curl_easy_setopt_err_sockopt_cb
FN:163,_curl_easy_setopt_err_opensocket_cb
FN:167,_curl_easy_setopt_err_progress_cb
FN:169,_curl_easy_setopt_err_debug_cb
FN:171,_curl_easy_setopt_err_ssl_ctx_cb
FN:173,_curl_easy_setopt_err_conv_cb
FN:175,_curl_easy_setopt_err_seek_cb
FN:177,_curl_easy_setopt_err_cb_data
FN:180,_curl_easy_setopt_err_error_buffer
FN:183,_curl_easy_setopt_err_FILE
FN:185,_curl_easy_setopt_err_postfields
FN:187,_curl_easy_setopt_err_curl_httpost
FN:189,_curl_easy_setopt_err_curl_slist
FN:191,_curl_easy_setopt_err_CURLSH
FN:194,_curl_easy_getinfo_err_string
FN:196,_curl_easy_getinfo_err_long
FN:198,_curl_easy_getinfo_err_double
FN:200,_curl_easy_getinfo_err_curl_slist
FNDA:0,_curl_easy_setopt_err_long
FNDA:0,_curl_easy_setopt_err_curl_off_t
FNDA:0,_curl_easy_setopt_err_string
FNDA:0,_curl_easy_setopt_err_write_callback
FNDA:0,_curl_easy_setopt_err_read_cb
FNDA:0,_curl_easy_setopt_err_ioctl_cb
FNDA:0,_curl_easy_setopt_err_sockopt_cb
FNDA:0,_curl_easy_setopt_err_opensocket_cb
FNDA:0,_curl_easy_setopt_err_progress_cb
FNDA:0,_curl_easy_setopt_err_debug_cb
FNDA:0,_curl_easy_setopt_err_ssl_ctx_cb
FNDA:0,_curl_easy_setopt_err_conv_cb
FNDA:0,_curl_easy_setopt_err_seek_cb
FNDA:0,_curl_easy_setopt_err_cb_data
FNDA:0,_curl_easy_setopt_err_error_buffer
FNDA:0,_curl_easy_setopt_err_FILE
FNDA:0,_curl_easy_setopt_err_postfields
FNDA:0,_curl_easy_setopt_err_curl_httpost
FNDA:0,_curl_easy_setopt_err_curl_slist
FNDA:0,_curl_easy_setopt_err_CURLSH
FNDA:0,_curl_easy_getinfo_err_string
FNDA:0,_curl_easy_getinfo_err_long
FNDA:0,_curl_easy_getinfo_err_double
FNDA:0,_curl_easy_getinfo_err_curl_slist
FNF:24
FNH:0
DA:147,0
DA:149,0
DA:151,0
DA:155,0
DA:157,0
DA:159,0
DA:161,0
DA:163,0
DA:167,0
DA:169,0
DA:171,0
DA:173,0
DA:175,0
DA:177,0
DA:180,0
DA:183,0
DA:185,0
DA:187,0
DA:189,0
DA:191,0
DA:194,0
DA:196,0
DA:198,0
DA:200,0
LF:24
LH:0
end_of_record
SF:/home/wsy/文档/c-sdk/qbox/rscli.c
FN:17,QBox_RSCli_call
FN:50,QBox_RSCli_PutFile
FN:105,QBox_RSCli_PutStream
FNDA:5,QBox_RSCli_call
FNDA:5,QBox_RSCli_PutFile
FNDA:0,QBox_RSCli_PutStream
FNF:3
FNH:2
BRDA:23,0,0,1
BRDA:23,0,1,4
BRDA:31,9999,0,4
BRDA:31,9999,1,1
BRDA:34,9999,0,0
BRDA:34,9999,1,4
BRDA:66,0,0,4
BRDA:66,0,1,1
BRDA:80,9999,0,4
BRDA:80,9999,1,1
BRDA:80,0,2,3
BRDA:80,0,3,1
BRDA:121,0,0,-
BRDA:121,0,1,-
BRDA:135,9999,0,-
BRDA:135,9999,1,-
BRDA:135,0,2,-
BRDA:135,0,3,-
BRF:18
BRH:11
DA:17,5
DA:23,5
DA:24,1
DA:25,1
DA:27,4
DA:29,5
DA:31,5
DA:32,4
DA:33,4
DA:34,4
DA:35,0
DA:37,4
DA:40,1
DA:41,1
DA:44,5
DA:50,5
DA:63,5
DA:64,5
DA:66,5
DA:67,4
DA:70,5
DA:72,5
DA:73,5
DA:74,5
DA:76,5
DA:77,5
DA:78,5
DA:80,5
DA:81,3
DA:82,3
DA:83,3
DA:84,3
DA:85,3
DA:88,5
DA:90,5
DA:91,5
DA:92,5
DA:93,5
DA:94,5
DA:96,5
DA:98,5
DA:99,5
DA:100,5
DA:105,0
DA:118,0
DA:119,0
DA:121,0
DA:122,0
DA:125,0
DA:127,0
DA:128,0
DA:129,0
DA:131,0
DA:132,0
DA:133,0
DA:135,0
DA:136,0
DA:137,0
DA:138,0
DA:139,0
DA:140,0
DA:143,0
DA:145,0
DA:146,0
DA:147,0
DA:148,0
DA:149,0
DA:151,0
DA:153,0
DA:154,0
DA:155,0
LF:71
LH:42
end_of_record
TN:
SF:/home/wsy/文档/c-sdk/unit-test/test_suite_base.c
FN:28,test_QBox_Buffer
FN:52,test_QBox_SectionReader
FN:75,suite_base_init
FN:89,suite_base_clean
FN:105,AddTestsBase
FNDA:1,test_QBox_Buffer
FNDA:1,test_QBox_SectionReader
FNDA:1,suite_base_init
FNDA:1,suite_base_clean
FNDA:1,AddTestsBase
FNF:5
FNH:5
BRDA:107,0,1,0
BRDA:107,0,2,1
BRDA:108,0,1,0
BRDA:108,0,2,1
BRDA:111,0,1,0
BRDA:111,0,2,1
BRF:6
BRH:3
DA:28,1
DA:29,1
DA:30,1
DA:31,1
DA:32,1
DA:34,1
DA:35,1
DA:38,1
DA:39,1
DA:40,1
DA:43,1
DA:44,1
DA:45,1
DA:46,1
DA:49,1
DA:50,1
DA:52,1
DA:53,1
DA:56,1
DA:57,1
DA:58,1
DA:59,1
DA:60,1
DA:61,1
DA:62,1
DA:63,1
DA:64,1
DA:65,1
DA:75,1
DA:78,1
DA:79,1
DA:81,1
DA:82,1
DA:84,1
DA:86,1
DA:89,1
DA:91,1
DA:92,1
DA:94,1
DA:105,1
DA:107,1
DA:108,1
DA:111,1
DA:112,0
DA:113,0
DA:115,1
LF:46
LH:44
end_of_record
TN:
SF:/usr/include/curl/typecheck-gcc.h
FN:147,_curl_easy_setopt_err_long
FN:149,_curl_easy_setopt_err_curl_off_t
FN:151,_curl_easy_setopt_err_string
FN:155,_curl_easy_setopt_err_write_callback
FN:157,_curl_easy_setopt_err_read_cb
FN:159,_curl_easy_setopt_err_ioctl_cb
FN:161,_curl_easy_setopt_err_sockopt_cb
FN:163,_curl_easy_setopt_err_opensocket_cb
FN:167,_curl_easy_setopt_err_progress_cb
FN:169,_curl_easy_setopt_err_debug_cb
FN:171,_curl_easy_setopt_err_ssl_ctx_cb
FN:173,_curl_easy_setopt_err_conv_cb
FN:175,_curl_easy_setopt_err_seek_cb
FN:177,_curl_easy_setopt_err_cb_data
FN:180,_curl_easy_setopt_err_error_buffer
FN:183,_curl_easy_setopt_err_FILE
FN:185,_curl_easy_setopt_err_postfields
FN:187,_curl_easy_setopt_err_curl_httpost
FN:189,_curl_easy_setopt_err_curl_slist
FN:191,_curl_easy_setopt_err_CURLSH
FN:194,_curl_easy_getinfo_err_string
FN:196,_curl_easy_getinfo_err_long
FN:198,_curl_easy_getinfo_err_double
FN:200,_curl_easy_getinfo_err_curl_slist
FNDA:0,_curl_easy_setopt_err_long
FNDA:0,_curl_easy_setopt_err_curl_off_t
FNDA:0,_curl_easy_setopt_err_string
FNDA:0,_curl_easy_setopt_err_write_callback
FNDA:0,_curl_easy_setopt_err_read_cb
FNDA:0,_curl_easy_setopt_err_ioctl_cb
FNDA:0,_curl_easy_setopt_err_sockopt_cb
FNDA:0,_curl_easy_setopt_err_opensocket_cb
FNDA:0,_curl_easy_setopt_err_progress_cb
FNDA:0,_curl_easy_setopt_err_debug_cb
FNDA:0,_curl_easy_setopt_err_ssl_ctx_cb
FNDA:0,_curl_easy_setopt_err_conv_cb
FNDA:0,_curl_easy_setopt_err_seek_cb
FNDA:0,_curl_easy_setopt_err_cb_data
FNDA:0,_curl_easy_setopt_err_error_buffer
FNDA:0,_curl_easy_setopt_err_FILE
FNDA:0,_curl_easy_setopt_err_postfields
FNDA:0,_curl_easy_setopt_err_curl_httpost
FNDA:0,_curl_easy_setopt_err_curl_slist
FNDA:0,_curl_easy_setopt_err_CURLSH
FNDA:0,_curl_easy_getinfo_err_string
FNDA:0,_curl_easy_getinfo_err_long
FNDA:0,_curl_easy_getinfo_err_double
FNDA:0,_curl_easy_getinfo_err_curl_slist
FNF:24
FNH:0
DA:147,0
DA:149,0
DA:151,0
DA:155,0
DA:157,0
DA:159,0
DA:161,0
DA:163,0
DA:167,0
DA:169,0
DA:171,0
DA:173,0
DA:175,0
DA:177,0
DA:180,0
DA:183,0
DA:185,0
DA:187,0
DA:189,0
DA:191,0
DA:194,0
DA:196,0
DA:198,0
DA:200,0
LF:24
LH:0
end_of_record
SF:/home/wsy/文档/c-sdk/qbox/oauth2_uptoken.c
FN:16,QBox_UpTokenAuth_Auth
FN:28,QBox_UpTokenAuth_Release
FN:40,QBox_Client_InitByUpToken
FNDA:183,QBox_UpTokenAuth_Auth
FNDA:6,QBox_UpTokenAuth_Release
FNDA:12,QBox_Client_InitByUpToken
FNF:3
FNH:3
DA:16,183
DA:21,183
DA:23,183
DA:24,183
DA:25,183
DA:28,6
DA:30,6
DA:31,6
DA:40,12
DA:43,12
DA:46,12
DA:48,12
DA:49,12
LF:13
LH:13
end_of_record
TN:
SF:/home/wsy/文档/c-sdk/qbox/up.c
FN:19,QBox_UP_Chunkput
FN:65,QBox_UP_Mkblock
FN:84,QBox_UP_Blockput
FN:104,QBox_UP_ResumableBlockput
FN:199,QBox_UP_Mkfile
FN:261,QBox_UP_NewProgress
FN:287,QBox_UP_Progress_Release
FN:298,QBox_UP_FindNextBlock
FN:315,QBox_UP_Put
FNDA:178,QBox_UP_Chunkput
FNDA:21,QBox_UP_Mkblock
FNDA:157,QBox_UP_Blockput
FNDA:18,QBox_UP_ResumableBlockput
FNDA:6,QBox_UP_Mkfile
FNDA:14,QBox_UP_NewProgress
FNDA:10,QBox_UP_Progress_Release
FNDA:11,QBox_UP_FindNextBlock
FNDA:11,QBox_UP_Put
FNF:9
FNH:9
BRDA:39,9999,0,172
BRDA:39,9999,1,6
BRDA:48,9999,0,0
BRDA:48,9999,1,172
BRDA:115,0,0,18
BRDA:115,0,1,0
BRDA:124,1,0,20
BRDA:124,1,1,1
BRDA:128,9999,0,17
BRDA:128,9999,1,3
BRDA:133,0,0,11
BRDA:133,0,1,6
BRDA:143,9999,0,1
BRDA:143,9999,1,17
BRDA:146,0,0,1
BRDA:146,0,1,16
BRDA:154,1,0,155
BRDA:154,1,1,14
BRDA:163,1,0,157
BRDA:163,1,1,1
BRDA:167,9999,0,154
BRDA:167,9999,1,3
BRDA:172,0,0,87
BRDA:172,0,1,67
BRDA:182,9999,0,1
BRDA:182,9999,1,154
BRDA:185,0,0,1
BRDA:185,0,1,153
BRDA:219,1,0,14
BRDA:219,1,1,6
BRDA:227,0,0,3
BRDA:227,0,1,3
BRDA:231,0,0,2
BRDA:231,0,1,4
BRDA:239,9999,0,0
BRDA:239,9999,1,6
BRDA:269,0,0,14
BRDA:269,0,1,0
BRDA:271,0,0,13
BRDA:271,0,1,1
BRDA:278,2,0,43
BRDA:278,2,1,14
BRDA:289,0,0,9
BRDA:289,0,1,1
BRDA:302,2,0,11
BRDA:302,2,1,1
BRDA:303,0,0,9
BRDA:303,0,1,2
BRDA:307,0,0,1
BRDA:307,0,1,1
BRDA:326,1,0,18
BRDA:326,1,1,6
BRDA:344,9999,0,4
BRDA:344,9999,1,14
BRDA:350,0,0,8
BRDA:350,0,1,6
BRDA:353,0,0,2
BRDA:353,0,1,12
BRDA:353,1,2,1
BRDA:353,1,3,1
BRF:60
BRH:56
DA:19,178
DA:23,178
DA:24,178
DA:25,178
DA:26,178
DA:27,178
DA:29,178
DA:30,178
DA:31,178
DA:33,178
DA:34,178
DA:36,178
DA:37,178
DA:39,178
DA:40,172
DA:41,172
DA:43,172
DA:45,172
DA:46,172
DA:48,172
DA:49,0
DA:50,0
DA:53,172
DA:54,172
DA:58,178
DA:60,178
DA:65,21
DA:70,21
DA:72,21
DA:73,21
DA:74,21
DA:76,21
DA:77,21
DA:79,21
DA:84,157
DA:89,157
DA:91,157
DA:92,157
DA:94,157
DA:96,157
DA:97,157
DA:99,157
DA:104,18
DA:110,18
DA:111,18
DA:112,18
DA:115,18
DA:116,18
DA:118,18
DA:120,36
DA:124,21
DA:125,20
DA:126,20
DA:128,20
DA:129,17
DA:130,17
DA:131,17
DA:133,17
DA:134,11
DA:137,17
DA:141,18
DA:143,18
DA:144,1
DA:146,17
DA:147,1
DA:148,1
DA:149,1
DA:154,169
DA:155,155
DA:157,155
DA:159,310
DA:163,158
DA:164,157
DA:165,157
DA:167,157
DA:168,154
DA:169,154
DA:170,154
DA:172,154
DA:173,87
DA:176,154
DA:180,155
DA:182,155
DA:183,1
DA:185,154
DA:186,1
DA:187,1
DA:188,1
DA:192,14
DA:193,14
DA:194,18
DA:199,6
DA:207,6
DA:208,6
DA:209,6
DA:210,6
DA:211,6
DA:212,6
DA:213,6
DA:214,6
DA:215,6
DA:217,6
DA:219,20
DA:221,14
DA:222,14
DA:223,14
DA:224,14
DA:227,6
DA:228,3
DA:231,6
DA:232,2
DA:235,6
DA:236,6
DA:237,6
DA:239,6
DA:240,0
DA:241,0
DA:242,0
DA:245,6
DA:246,6
DA:248,6
DA:249,6
DA:250,6
DA:251,6
DA:253,6
DA:254,6
DA:256,6
DA:261,14
DA:263,14
DA:264,14
DA:265,14
DA:267,14
DA:269,14
DA:270,14
DA:271,14
DA:272,13
DA:275,14
DA:276,14
DA:278,57
DA:279,43
DA:280,43
DA:284,14
DA:287,10
DA:289,10
DA:290,9
DA:291,9
DA:292,9
DA:294,10
DA:298,11
DA:300,11
DA:302,12
DA:303,11
DA:304,9
DA:307,2
DA:308,1
DA:312,11
DA:315,11
DA:321,11
DA:322,11
DA:324,11
DA:326,24
DA:327,18
DA:328,18
DA:329,18
DA:331,18
DA:336,18
DA:339,36
DA:344,18
DA:345,4
DA:348,14
DA:350,14
DA:351,8
DA:353,14
DA:354,1
DA:355,1
DA:356,1
DA:360,6
DA:361,6
DA:362,11
LF:179
LH:174
end_of_record
TN:
SF:/home/wsy/文档/c-sdk/unit-test/test_suite_up_demo_resumable.c
FN:32,try_terminate
FN:39,try_save
FN:71,try_resume
FN:112,get_timestamp
FN:119,block_notify
FN:136,chunk_notify
FN:153,block_notify_err299
FN:158,chunk_notify_error299_firstBlock
FN:164,chunk_notify_error299_otherBlock
FN:172,chunk_notify_error401
FN:188,put_blocks
FN:317,test_by_up_demo_resumable_16M
FN:323,test_by_up_demo_resumable_1M
FN:330,test_by_up_demo_resumable_err299
FN:342,test_by_up_demo_resumable_err18
FN:356,test_QBox_UP_NewProgress
FN:389,suite_up_demo_resumable_init
FN:398,suite_up_demo_resumable_clean
FN:412,AddTestsUpDemoResumable
FNDA:3,try_terminate
FNDA:6,try_save
FNDA:8,try_resume
FNDA:100,get_timestamp
FNDA:6,block_notify
FNDA:94,chunk_notify
FNDA:2,block_notify_err299
FNDA:1,chunk_notify_error299_firstBlock
FNDA:2,chunk_notify_error299_otherBlock
FNDA:1,chunk_notify_error401
FNDA:8,put_blocks
FNDA:1,test_by_up_demo_resumable_16M
FNDA:1,test_by_up_demo_resumable_1M
FNDA:1,test_by_up_demo_resumable_err299
FNDA:1,test_by_up_demo_resumable_err18
FNDA:1,test_QBox_UP_NewProgress
FNDA:1,suite_up_demo_resumable_init
FNDA:1,suite_up_demo_resumable_clean
FNDA:1,AddTestsUpDemoResumable
FNF:19
FNH:19
BRDA:46,9999,0,6
BRDA:46,9999,1,0
BRDA:49,0,0,26
BRDA:49,0,1,6
BRDA:55,1,0,26
BRDA:55,1,1,6
BRDA:59,9999,0,4
BRDA:59,9999,1,22
BRDA:79,9999,0,0
BRDA:79,9999,1,8
BRDA:82,0,0,-
BRDA:82,0,1,-
BRDA:88,1,0,-
BRDA:88,1,1,-
BRDA:130,9999,0,0
BRDA:130,9999,1,6
BRDA:146,9999,0,0
BRDA:146,9999,1,94
BRDA:146,0,2,-
BRDA:146,0,3,-
BRDA:146,1,4,-
BRDA:146,1,5,-
BRDA:166,0,0,1
BRDA:166,0,1,1
BRDA:180,9999,0,0
BRDA:180,9999,1,1
BRDA:224,9999,0,0
BRDA:224,9999,1,8
BRDA:241,9999,0,8
BRDA:241,9999,1,0
BRDA:275,9999,0,5
BRDA:275,9999,1,3
BRDA:293,9999,0,0
BRDA:293,9999,1,3
BRDA:351,9999,0,0
BRDA:351,9999,1,1
BRDA:414,0,1,0
BRDA:414,0,2,1
BRDA:415,0,1,0
BRDA:415,0,2,1
BRDA:418,0,1,0
BRDA:418,0,2,1
BRF:42
BRH:22
DA:32,3
DA:34,3
DA:35,3
DA:36,3
DA:37,3
DA:39,6
DA:41,6
DA:42,6
DA:43,6
DA:45,6
DA:46,6
DA:47,6
DA:49,32
DA:50,26
DA:51,26
DA:52,26
DA:55,32
DA:56,26
DA:57,26
DA:59,26
DA:60,4
DA:62,26
DA:65,6
DA:68,6
DA:69,6
DA:71,8
DA:73,8
DA:75,8
DA:76,8
DA:78,8
DA:79,8
DA:80,0
DA:82,0
DA:83,0
DA:84,0
DA:85,0
DA:88,0
DA:89,0
DA:90,0
DA:92,0
DA:93,0
DA:94,0
DA:97,0
DA:99,0
DA:102,8
DA:103,8
DA:112,100
DA:114,100
DA:115,100
DA:116,100
DA:119,6
DA:121,6
DA:124,6
DA:128,6
DA:130,6
DA:131,0
DA:133,6
DA:136,94
DA:138,94
DA:141,94
DA:146,94
DA:147,0
DA:148,0
DA:150,94
DA:153,2
DA:155,2
DA:158,1
DA:160,1
DA:164,2
DA:166,2
DA:167,1
DA:169,1
DA:170,2
DA:172,1
DA:174,1
DA:177,1
DA:179,1
DA:180,1
DA:181,0
DA:182,0
DA:184,1
DA:185,1
DA:188,8
DA:192,8
DA:198,8
DA:199,8
DA:200,8
DA:201,8
DA:209,8
DA:210,8
DA:213,8
DA:216,8
DA:217,8
DA:223,8
DA:224,8
DA:225,0
DA:226,0
DA:234,8
DA:236,8
DA:238,8
DA:240,8
DA:241,8
DA:242,8
DA:244,8
DA:246,8
DA:247,8
DA:248,8
DA:249,8
DA:251,8
DA:256,8
DA:257,8
DA:271,8
DA:273,8
DA:275,8
DA:278,5
DA:279,5
DA:282,3
DA:285,3
DA:291,3
DA:293,3
DA:296,0
DA:297,0
DA:300,3
DA:307,3
DA:309,3
DA:312,3
DA:313,8
DA:317,1
DA:320,1
DA:321,1
DA:322,1
DA:323,1
DA:326,1
DA:327,1
DA:328,1
DA:330,1
DA:331,1
DA:333,1
DA:334,1
DA:335,1
DA:336,1
DA:337,1
DA:338,1
DA:339,1
DA:340,1
DA:341,1
DA:342,1
DA:343,1
DA:345,1
DA:346,1
DA:347,1
DA:348,1
DA:349,1
DA:350,1
DA:351,1
DA:352,0
DA:354,1
DA:355,1
DA:356,1
DA:357,1
DA:358,1
DA:359,1
DA:360,1
DA:361,1
DA:362,1
DA:363,1
DA:364,1
DA:365,1
DA:367,1
DA:368,1
DA:369,1
DA:370,1
DA:371,1
DA:372,1
DA:373,1
DA:374,1
DA:389,1
DA:392,1
DA:393,1
DA:395,1
DA:398,1
DA:400,1
DA:401,1
DA:412,1
DA:414,1
DA:415,1
DA:418,1
DA:419,0
DA:420,0
DA:422,1
LF:190
LH:165
end_of_record
TN:
SF:/home/wsy/文档/c-sdk/unit-test/test_suite_image.c
FN:29,test_QBox_IMG_Info
FN:42,test_QBox_IMG_Exif
FN:67,test_QBox_IMG_InitViewOpts
FN:74,test_QBox_IMG_ViewURL
FN:150,test_QBox_IMG_MogrifyURL
FN:217,test_QBox_IMG_SaveAs
FN:299,suite_image_init
FN:312,suite_image_clean
FN:327,AddTestsImage
FNDA:1,test_QBox_IMG_Info
FNDA:1,test_QBox_IMG_Exif
FNDA:1,test_QBox_IMG_InitViewOpts
FNDA:1,test_QBox_IMG_ViewURL
FNDA:1,test_QBox_IMG_MogrifyURL
FNDA:1,test_QBox_IMG_SaveAs
FNDA:1,suite_image_init
FNDA:1,suite_image_clean
FNDA:1,AddTestsImage
FNF:9
FNH:9
BRDA:329,0,1,0
BRDA:329,0,2,1
BRDA:330,0,1,0
BRDA:330,0,2,1
BRDA:333,0,1,0
BRDA:333,0,2,1
BRF:6
BRH:3
DA:29,1
DA:30,1
DA:31,1
DA:32,1
DA:33,1
DA:35,1
DA:36,1
DA:37,1
DA:39,1
DA:40,1
DA:42,1
DA:43,1
DA:44,1
DA:47,1
DA:48,1
DA:60,1
DA:61,1
DA:62,1
DA:64,1
DA:65,1
DA:67,1
DA:68,1
DA:69,1
DA:70,1
DA:71,1
DA:74,1
DA:75,1
DA:76,1
DA:77,1
DA:79,1
DA:81,1
DA:82,1
DA:83,1
DA:84,1
DA:85,1
DA:87,1
DA:88,1
DA:89,1
DA:90,1
DA:91,1
DA:92,1
DA:94,1
DA:95,1
DA:96,1
DA:97,1
DA:98,1
DA:99,1
DA:102,1
DA:103,1
DA:104,1
DA:105,1
DA:106,1
DA:107,1
DA:109,1
DA:110,1
DA:111,1
DA:112,1
DA:113,1
DA:114,1
DA:116,1
DA:117,1
DA:118,1
DA:119,1
DA:120,1
DA:121,1
DA:124,1
DA:125,1
DA:126,1
DA:127,1
DA:128,1
DA:129,1
DA:131,1
DA:132,1
DA:134,1
DA:135,1
DA:136,1
DA:137,1
DA:140,1
DA:141,1
DA:142,1
DA:143,1
DA:144,1
DA:145,1
DA:147,1
DA:148,1
DA:150,1
DA:151,1
DA:152,1
DA:153,1
DA:155,1
DA:157,1
DA:158,1
DA:159,1
DA:160,1
DA:161,1
DA:163,1
DA:164,1
DA:165,1
DA:166,1
DA:167,1
DA:168,1
DA:170,1
DA:171,1
DA:172,1
DA:173,1
DA:174,1
DA:175,1
DA:177,1
DA:178,1
DA:179,1
DA:180,1
DA:181,1
DA:182,1
DA:184,1
DA:185,1
DA:186,1
DA:187,1
DA:188,1
DA:189,1
DA:191,1
DA:192,1
DA:193,1
DA:194,1
DA:195,1
DA:196,1
DA:198,1
DA:199,1
DA:200,1
DA:201,1
DA:202,1
DA:203,1
DA:206,1
DA:207,1
DA:208,1
DA:209,1
DA:210,1
DA:212,1
DA:214,1
DA:215,1
DA:217,1
DA:222,1
DA:223,1
DA:224,1
DA:225,1
DA:226,1
DA:227,1
DA:228,1
DA:230,1
DA:231,1
DA:233,1
DA:234,1
DA:236,1
DA:237,1
DA:239,1
DA:240,1
DA:241,1
DA:243,1
DA:244,1
DA:245,1
DA:247,1
DA:248,1
DA:249,1
DA:251,1
DA:252,1
DA:253,1
DA:255,1
DA:256,1
DA:257,1
DA:259,1
DA:260,1
DA:261,1
DA:263,1
DA:264,1
DA:265,1
DA:268,1
DA:269,1
DA:270,1
DA:271,1
DA:273,1
DA:274,1
DA:299,1
DA:301,1
DA:302,1
DA:304,1
DA:305,1
DA:307,1
DA:309,1
DA:312,1
DA:314,1
DA:315,1
DA:316,1
DA:327,1
DA:329,1
DA:330,1
DA:333,1
DA:334,0
DA:335,0
DA:337,1
LF:198
LH:196
end_of_record
TN:
SF:/home/wsy/文档/c-sdk/unit-test/c_unit_test_main.c
FN:18,main
FNDA:1,main
FNF:1
FNH:1
BRDA:26,1,0,0
BRDA:26,1,1,1
BRDA:27,0,0,-
BRDA:27,0,1,-
BRDA:30,0,0,-
BRDA:30,0,1,-
BRDA:33,0,0,-
BRDA:33,0,1,-
BRDA:36,0,0,-
BRDA:36,0,1,-
BRDA:39,0,0,-
BRDA:39,0,1,-
BRDA:42,0,0,-
BRDA:42,0,1,-
BRDA:45,0,0,-
BRDA:45,0,1,-
BRDA:62,0,1,0
BRDA:62,0,2,1
BRF:18
BRH:2
DA:18,1
DA:20,1
DA:21,1
DA:24,1
DA:26,1
DA:27,0
DA:28,0
DA:30,0
DA:31,0
DA:33,0
DA:34,0
DA:36,0
DA:37,0
DA:39,0
DA:40,0
DA:42,0
DA:43,0
DA:45,0
DA:46,0
DA:49,0
DA:58,0
DA:62,1
DA:63,0
DA:67,1
DA:68,1
DA:69,1
DA:70,1
DA:71,1
DA:72,1
DA:73,1
DA:74,1
DA:75,1
DA:77,1
DA:78,1
DA:81,1
DA:82,1
DA:83,1
DA:85,1
DA:88,1
LF:39
LH:22
end_of_record
TN:
SF:/home/wsy/文档/c-sdk/qbox/base_io.c
FN:29,QBox_sectionReader_Read
FN:47,QBox_SectionReader
FN:59,QBox_SectionReader_Release
FN:67,QBox_file_ReadAt
FN:72,QBox_FileReaderAt_Open
FN:85,QBox_FileReaderAt_Close
FNDA:179,QBox_sectionReader_Read
FNDA:175,QBox_SectionReader
FNDA:173,QBox_SectionReader_Release
FNDA:174,QBox_file_ReadAt
FNDA:13,QBox_FileReaderAt_Open
FNDA:11,QBox_FileReaderAt_Close
FNF:6
FNH:6
BRDA:33,0,0,5
BRDA:33,0,1,174
BRDA:36,0,0,1
BRDA:36,0,1,173
BRDA:76,9999,0,12
BRDA:76,9999,1,1
BRF:6
BRH:6
DA:29,179
DA:31,179
DA:32,179
DA:33,179
DA:34,5
DA:36,174
DA:37,1
DA:39,174
DA:43,174
DA:44,179
DA:47,175
DA:50,175
DA:51,175
DA:52,175
DA:53,175
DA:54,175
DA:55,175
DA:56,175
DA:59,173
DA:61,173
DA:62,173
DA:67,174
DA:69,174
DA:72,13
DA:75,13
DA:76,13
DA:77,12
DA:78,12
DA:79,12
DA:81,1
DA:82,13
DA:85,11
DA:87,11
DA:88,11
LF:34
LH:34
end_of_record
TN:
SF:/usr/include/curl/typecheck-gcc.h
FN:147,_curl_easy_setopt_err_long
FN:149,_curl_easy_setopt_err_curl_off_t
FN:151,_curl_easy_setopt_err_string
FN:155,_curl_easy_setopt_err_write_callback
FN:157,_curl_easy_setopt_err_read_cb
FN:159,_curl_easy_setopt_err_ioctl_cb
FN:161,_curl_easy_setopt_err_sockopt_cb
FN:163,_curl_easy_setopt_err_opensocket_cb
FN:167,_curl_easy_setopt_err_progress_cb
FN:169,_curl_easy_setopt_err_debug_cb
FN:171,_curl_easy_setopt_err_ssl_ctx_cb
FN:173,_curl_easy_setopt_err_conv_cb
FN:175,_curl_easy_setopt_err_seek_cb
FN:177,_curl_easy_setopt_err_cb_data
FN:180,_curl_easy_setopt_err_error_buffer
FN:183,_curl_easy_setopt_err_FILE
FN:185,_curl_easy_setopt_err_postfields
FN:187,_curl_easy_setopt_err_curl_httpost
FN:189,_curl_easy_setopt_err_curl_slist
FN:191,_curl_easy_setopt_err_CURLSH
FN:194,_curl_easy_getinfo_err_string
FN:196,_curl_easy_getinfo_err_long
FN:198,_curl_easy_getinfo_err_double
FN:200,_curl_easy_getinfo_err_curl_slist
FNDA:0,_curl_easy_setopt_err_long
FNDA:0,_curl_easy_setopt_err_curl_off_t
FNDA:0,_curl_easy_setopt_err_string
FNDA:0,_curl_easy_setopt_err_write_callback
FNDA:0,_curl_easy_setopt_err_read_cb
FNDA:0,_curl_easy_setopt_err_ioctl_cb
FNDA:0,_curl_easy_setopt_err_sockopt_cb
FNDA:0,_curl_easy_setopt_err_opensocket_cb
FNDA:0,_curl_easy_setopt_err_progress_cb
FNDA:0,_curl_easy_setopt_err_debug_cb
FNDA:0,_curl_easy_setopt_err_ssl_ctx_cb
FNDA:0,_curl_easy_setopt_err_conv_cb
FNDA:0,_curl_easy_setopt_err_seek_cb
FNDA:0,_curl_easy_setopt_err_cb_data
FNDA:0,_curl_easy_setopt_err_error_buffer
FNDA:0,_curl_easy_setopt_err_FILE
FNDA:0,_curl_easy_setopt_err_postfields
FNDA:0,_curl_easy_setopt_err_curl_httpost
FNDA:0,_curl_easy_setopt_err_curl_slist
FNDA:0,_curl_easy_setopt_err_CURLSH
FNDA:0,_curl_easy_getinfo_err_string
FNDA:0,_curl_easy_getinfo_err_long
FNDA:0,_curl_easy_getinfo_err_double
FNDA:0,_curl_easy_getinfo_err_curl_slist
FNF:24
FNH:0
DA:147,0
DA:149,0
DA:151,0
DA:155,0
DA:157,0
DA:159,0
DA:161,0
DA:163,0
DA:167,0
DA:169,0
DA:171,0
DA:173,0
DA:175,0
DA:177,0
DA:180,0
DA:183,0
DA:185,0
DA:187,0
DA:189,0
DA:191,0
DA:194,0
DA:196,0
DA:198,0
DA:200,0
LF:24
LH:0
end_of_record
SF:/home/wsy/文档/c-sdk/qbox/oauth2_passwd.c
FN:24,QBox_Token_set
FN:40,QBox_Token_Acquire
FN:45,QBox_Token_Release
FN:58,QBox_Token_new
FN:67,QBox_Token_New
FN:74,QBox_Token_Access
FN:86,QBox_Token_ret
FN:101,QBox_Token_refresh
FN:133,QBox_Token_ExchangeByPassword
FN:182,QBox_Token_ExchangeByRefreshToken
FN:193,QBox_Token_Refresh
FN:204,QBox_PasswordAuth_initAccess
FN:217,QBox_PasswordAuth_Auth
FN:242,QBox_PasswordAuth_Release
FN:257,QBox_PasswordAuth_New
FN:275,QBox_Client_InitByPassword
FNDA:15,QBox_Token_set
FNDA:5,QBox_Token_Acquire
FNDA:13,QBox_Token_Release
FNDA:14,QBox_Token_new
FNDA:5,QBox_Token_New
FNDA:6,QBox_Token_Access
FNDA:10,QBox_Token_ret
FNDA:6,QBox_Token_refresh
FNDA:9,QBox_Token_ExchangeByPassword
FNDA:2,QBox_Token_ExchangeByRefreshToken
FNDA:4,QBox_Token_Refresh
FNDA:6,QBox_PasswordAuth_initAccess
FNDA:19,QBox_PasswordAuth_Auth
FNDA:5,QBox_PasswordAuth_Release
FNDA:5,QBox_PasswordAuth_New
FNDA:5,QBox_Client_InitByPassword
FNF:16
FNH:16
BRDA:30,0,0,2
BRDA:30,0,1,13
BRDA:48,9999,0,8
BRDA:48,9999,1,5
BRDA:49,0,0,6
BRDA:49,0,1,2
BRDA:92,9999,0,10
BRDA:92,9999,1,0
BRDA:92,0,2,0
BRDA:92,0,3,10
BRDA:123,9999,0,3
BRDA:123,9999,1,3
BRDA:127,0,0,6
BRDA:127,0,1,0
BRDA:150,9999,0,8
BRDA:150,9999,1,1
BRDA:153,0,0,2
BRDA:153,0,1,7
BRDA:168,9999,0,7
BRDA:168,9999,1,2
BRDA:171,9999,0,0
BRDA:171,9999,1,7
BRDA:176,0,0,9
BRDA:176,0,1,0
BRDA:187,9999,0,1
BRDA:187,9999,1,1
BRDA:222,0,1,2
BRDA:222,0,2,17
BRDA:224,9999,0,1
BRDA:224,9999,1,1
BRDA:231,0,0,16
BRDA:231,0,1,2
BRDA:246,0,0,4
BRDA:246,0,1,1
BRDA:250,0,0,4
BRDA:250,0,1,1
BRF:36
BRH:31
DA:24,15
DA:26,15
DA:27,15
DA:28,15
DA:29,15
DA:30,15
DA:31,2
DA:33,15
DA:34,15
DA:35,15
DA:36,15
DA:37,15
DA:38,15
DA:40,5
DA:42,5
DA:45,13
DA:47,13
DA:48,13
DA:49,8
DA:50,6
DA:52,8
DA:53,8
DA:55,13
DA:58,14
DA:60,14
DA:61,14
DA:62,14
DA:63,14
DA:64,14
DA:67,5
DA:69,5
DA:70,5
DA:71,5
DA:74,6
DA:78,6
DA:79,6
DA:80,6
DA:81,6
DA:83,6
DA:86,10
DA:89,10
DA:90,10
DA:92,10
DA:93,0
DA:94,0
DA:96,10
DA:97,10
DA:99,10
DA:101,6
DA:105,6
DA:107,6
DA:112,6
DA:114,6
DA:115,6
DA:116,6
DA:117,6
DA:119,6
DA:120,6
DA:121,6
DA:123,6
DA:124,3
DA:127,6
DA:128,6
DA:130,6
DA:133,9
DA:141,9
DA:143,9
DA:144,9
DA:146,9
DA:150,9
DA:151,8
DA:153,9
DA:154,2
DA:157,9
DA:159,9
DA:160,9
DA:161,9
DA:162,9
DA:164,9
DA:165,9
DA:166,9
DA:168,9
DA:169,7
DA:170,7
DA:171,7
DA:172,0
DA:176,9
DA:177,9
DA:179,9
DA:182,2
DA:185,2
DA:186,2
DA:187,2
DA:188,1
DA:190,2
DA:193,4
DA:196,4
DA:197,4
DA:198,4
DA:199,4
DA:204,6
DA:209,6
DA:210,6
DA:211,6
DA:213,6
DA:214,6
DA:215,6
DA:217,19
DA:220,19
DA:222,19
DA:223,2
DA:224,2
DA:225,1
DA:227,1
DA:228,1
DA:231,18
DA:232,16
DA:234,2
DA:237,18
DA:238,18
DA:239,19
DA:242,5
DA:244,5
DA:246,5
DA:247,4
DA:248,4
DA:250,5
DA:251,4
DA:252,4
DA:254,5
DA:255,5
DA:257,5
DA:259,5
DA:261,5
DA:262,5
DA:264,5
DA:265,5
DA:275,5
DA:277,5
DA:278,5
DA:279,5
LF:141
LH:138
end_of_record
TN:
SF:/home/wsy/文档/c-sdk/unit-test/test_suite_rs_demo.c
FN:26,test_by_rs_demo
FN:123,suite_rs_demo_init
FN:130,suite_rs_demo_clean
FN:145,AddTestsRsDemo
FNDA:1,test_by_rs_demo
FNDA:1,suite_rs_demo_init
FNDA:1,suite_rs_demo_clean
FNDA:1,AddTestsRsDemo
FNF:4
FNH:4
BRDA:147,0,1,0
BRDA:147,0,2,1
BRDA:148,0,1,0
BRDA:148,0,2,1
BRDA:151,0,1,0
BRDA:151,0,2,1
BRF:6
BRH:3
DA:26,1
DA:34,1
DA:38,1
DA:39,1
DA:41,1
DA:42,1
DA:43,1
DA:46,1
DA:47,1
DA:49,1
DA:50,1
DA:53,1
DA:54,1
DA:57,1
DA:58,1
DA:61,1
DA:62,1
DA:64,1
DA:65,1
DA:67,1
DA:68,1
DA:70,1
DA:71,1
DA:73,1
DA:74,1
DA:75,1
DA:76,1
DA:79,1
DA:80,1
DA:81,1
DA:84,1
DA:85,1
DA:86,1
DA:89,1
DA:90,1
DA:93,1
DA:94,1
DA:97,1
DA:98,1
DA:101,1
DA:102,1
DA:103,1
DA:104,1
DA:105,1
DA:106,1
DA:109,1
DA:110,1
DA:113,1
DA:123,1
DA:125,1
DA:126,1
DA:127,1
DA:130,1
DA:132,1
DA:133,1
DA:134,1
DA:145,1
DA:147,1
DA:148,1
DA:151,1
DA:152,0
DA:153,0
DA:155,1
LF:63
LH:61
end_of_record
TN:
SF:/home/wsy/文档/c-sdk/unit-test/test_suite_up.c
FN:26,test_QBox_UP_Mkblock
FN:97,suite_up_init
FN:110,suite_up_clean
FN:125,AddTestsUp
FNDA:1,test_QBox_UP_Mkblock
FNDA:1,suite_up_init
FNDA:1,suite_up_clean
FNDA:1,AddTestsUp
FNF:4
FNH:4
BRDA:34,9999,0,0
BRDA:34,9999,1,1
BRDA:127,0,1,0
BRDA:127,0,2,1
BRDA:128,0,1,0
BRDA:128,0,2,1
BRDA:131,0,1,0
BRDA:131,0,2,1
BRF:8
BRH:4
DA:26,1
DA:27,1
DA:33,1
DA:34,2
DA:35,1
DA:36,1
DA:37,1
DA:38,1
DA:39,1
DA:56,1
DA:97,1
DA:99,1
DA:100,1
DA:102,1
DA:103,1
DA:105,1
DA:107,1
DA:110,1
DA:112,1
DA:113,1
DA:114,1
DA:125,1
DA:127,1
DA:128,1
DA:131,1
DA:132,0
DA:133,0
DA:135,1
LF:28
LH:26
end_of_record
TN:
SF:/usr/include/curl/typecheck-gcc.h
FN:147,_curl_easy_setopt_err_long
FN:149,_curl_easy_setopt_err_curl_off_t
FN:151,_curl_easy_setopt_err_string
FN:155,_curl_easy_setopt_err_write_callback
FN:157,_curl_easy_setopt_err_read_cb
FN:159,_curl_easy_setopt_err_ioctl_cb
FN:161,_curl_easy_setopt_err_sockopt_cb
FN:163,_curl_easy_setopt_err_opensocket_cb
FN:167,_curl_easy_setopt_err_progress_cb
FN:169,_curl_easy_setopt_err_debug_cb
FN:171,_curl_easy_setopt_err_ssl_ctx_cb
FN:173,_curl_easy_setopt_err_conv_cb
FN:175,_curl_easy_setopt_err_seek_cb
FN:177,_curl_easy_setopt_err_cb_data
FN:180,_curl_easy_setopt_err_error_buffer
FN:183,_curl_easy_setopt_err_FILE
FN:185,_curl_easy_setopt_err_postfields
FN:187,_curl_easy_setopt_err_curl_httpost
FN:189,_curl_easy_setopt_err_curl_slist
FN:191,_curl_easy_setopt_err_CURLSH
FN:194,_curl_easy_getinfo_err_string
FN:196,_curl_easy_getinfo_err_long
FN:198,_curl_easy_getinfo_err_double
FN:200,_curl_easy_getinfo_err_curl_slist
FNDA:0,_curl_easy_setopt_err_long
FNDA:0,_curl_easy_setopt_err_curl_off_t
FNDA:0,_curl_easy_setopt_err_string
FNDA:0,_curl_easy_setopt_err_write_callback
FNDA:0,_curl_easy_setopt_err_read_cb
FNDA:0,_curl_easy_setopt_err_ioctl_cb
FNDA:0,_curl_easy_setopt_err_sockopt_cb
FNDA:0,_curl_easy_setopt_err_opensocket_cb
FNDA:0,_curl_easy_setopt_err_progress_cb
FNDA:0,_curl_easy_setopt_err_debug_cb
FNDA:0,_curl_easy_setopt_err_ssl_ctx_cb
FNDA:0,_curl_easy_setopt_err_conv_cb
FNDA:0,_curl_easy_setopt_err_seek_cb
FNDA:0,_curl_easy_setopt_err_cb_data
FNDA:0,_curl_easy_setopt_err_error_buffer
FNDA:0,_curl_easy_setopt_err_FILE
FNDA:0,_curl_easy_setopt_err_postfields
FNDA:0,_curl_easy_setopt_err_curl_httpost
FNDA:0,_curl_easy_setopt_err_curl_slist
FNDA:0,_curl_easy_setopt_err_CURLSH
FNDA:0,_curl_easy_getinfo_err_string
FNDA:0,_curl_easy_getinfo_err_long
FNDA:0,_curl_easy_getinfo_err_double
FNDA:0,_curl_easy_getinfo_err_curl_slist
FNF:24
FNH:0
DA:147,0
DA:149,0
DA:151,0
DA:155,0
DA:157,0
DA:159,0
DA:161,0
DA:163,0
DA:167,0
DA:169,0
DA:171,0
DA:173,0
DA:175,0
DA:177,0
DA:180,0
DA:183,0
DA:185,0
DA:187,0
DA:189,0
DA:191,0
DA:194,0
DA:196,0
DA:198,0
DA:200,0
LF:24
LH:0
end_of_record
SF:/home/wsy/文档/c-sdk/qbox/oauth2.c
FN:43,QBox_Mutex_Init
FN:48,QBox_Mutex_Cleanup
FN:53,QBox_Mutex_Lock
FN:58,QBox_Mutex_Unlock
FN:68,QBox_Global_Init
FN:73,QBox_Global_Cleanup
FN:83,QBox_callex
FN:122,QBox_call
FN:137,QBox_Json_GetString
FN:151,QBox_Json_GetInt64
FN:168,QBox_Client_InitEx
FN:178,QBox_Client_Cleanup
FN:195,QBox_Client_initcall
FN:212,QBox_Client_callWithBody
FN:240,QBox_Client_CallWithBinary
FN:257,QBox_Client_CallWithBuffer
FN:273,QBox_Client_Call
FN:293,QBox_Client_CallNoRet
FNDA:14,QBox_Mutex_Init
FNDA:8,QBox_Mutex_Cleanup
FNDA:10,QBox_Mutex_Lock
FNDA:10,QBox_Mutex_Unlock
FNDA:11,QBox_Global_Init
FNDA:9,QBox_Global_Cleanup
FNDA:314,QBox_callex
FNDA:15,QBox_call
FNDA:464,QBox_Json_GetString
FNDA:222,QBox_Json_GetInt64
FNDA:33,QBox_Client_InitEx
FNDA:25,QBox_Client_Cleanup
FNDA:303,QBox_Client_initcall
FNDA:199,QBox_Client_callWithBody
FNDA:14,QBox_Client_CallWithBinary
FNDA:185,QBox_Client_CallWithBuffer
FNDA:40,QBox_Client_Call
FNDA:64,QBox_Client_CallNoRet
FNF:18
FNH:18
BRDA:95,9999,0,308
BRDA:95,9999,1,6
BRDA:97,9999,1,257
BRDA:97,9999,2,51
BRDA:104,0,0,34
BRDA:104,0,1,274
BRDA:105,0,0,5
BRDA:105,0,1,29
BRDA:140,0,0,7
BRDA:140,0,1,457
BRDA:144,9999,0,456
BRDA:144,9999,1,1
BRDA:144,0,2,455
BRDA:144,0,3,1
BRDA:154,0,0,1
BRDA:154,0,1,221
BRDA:158,9999,0,207
BRDA:158,9999,1,14
BRDA:158,0,2,206
BRDA:158,0,3,1
BRDA:180,0,0,12
BRDA:180,0,1,13
BRDA:184,0,0,22
BRDA:184,0,1,3
BRDA:188,0,0,8
BRDA:188,0,1,17
BRDA:201,9999,0,224
BRDA:201,9999,1,79
BRDA:226,9999,0,1
BRDA:226,9999,1,198
BRDA:282,9999,0,1
BRDA:282,9999,1,39
BRDA:302,9999,0,2
BRDA:302,9999,1,62
BRF:34
BRH:34
DA:43,14
DA:45,14
DA:46,14
DA:48,8
DA:50,8
DA:51,8
DA:53,10
DA:55,10
DA:56,10
DA:58,10
DA:60,10
DA:61,10
DA:68,11
DA:70,11
DA:71,11
DA:73,9
DA:75,9
DA:76,9
DA:83,314
DA:90,314
DA:91,314
DA:93,314
DA:95,314
DA:96,308
DA:97,308
DA:98,257
DA:100,51
DA:102,308
DA:103,308
DA:104,308
DA:105,34
DA:106,5
DA:108,29
DA:111,274
DA:114,6
DA:115,6
DA:116,6
DA:119,314
DA:122,15
DA:126,15
DA:128,15
DA:130,15
DA:131,15
DA:137,464
DA:140,464
DA:141,7
DA:143,457
DA:144,457
DA:145,455
DA:147,464
DA:151,222
DA:154,222
DA:155,1
DA:157,221
DA:158,221
DA:159,206
DA:161,222
DA:168,33
DA:170,33
DA:171,33
DA:172,33
DA:173,33
DA:175,33
DA:176,33
DA:178,25
DA:180,25
DA:181,12
DA:182,12
DA:184,25
DA:185,22
DA:186,22
DA:188,25
DA:189,8
DA:190,8
DA:192,25
DA:193,25
DA:195,303
DA:197,303
DA:199,303
DA:200,303
DA:201,303
DA:202,224
DA:203,224
DA:206,303
DA:207,303
DA:208,303
DA:209,303
DA:210,303
DA:212,199
DA:219,199
DA:221,199
DA:222,199
DA:223,199
DA:225,199
DA:226,199
DA:227,1
DA:230,198
DA:232,198
DA:234,198
DA:236,198
DA:237,199
DA:240,14
DA:247,14
DA:249,14
DA:250,14
DA:251,14
DA:252,14
DA:254,14
DA:257,185
DA:264,185
DA:266,185
DA:267,185
DA:268,185
DA:270,185
DA:273,40
DA:276,40
DA:277,40
DA:279,40
DA:281,40
DA:282,40
DA:283,1
DA:286,39
DA:288,39
DA:289,39
DA:290,40
DA:293,64
DA:296,64
DA:297,64
DA:299,64
DA:301,64
DA:302,64
DA:303,2
DA:306,62
DA:308,64
LF:134
LH:134
end_of_record
TN:
SF:/usr/include/curl/typecheck-gcc.h
FN:147,_curl_easy_setopt_err_long
FN:149,_curl_easy_setopt_err_curl_off_t
FN:151,_curl_easy_setopt_err_string
FN:155,_curl_easy_setopt_err_write_callback
FN:157,_curl_easy_setopt_err_read_cb
FN:159,_curl_easy_setopt_err_ioctl_cb
FN:161,_curl_easy_setopt_err_sockopt_cb
FN:163,_curl_easy_setopt_err_opensocket_cb
FN:167,_curl_easy_setopt_err_progress_cb
FN:169,_curl_easy_setopt_err_debug_cb
FN:171,_curl_easy_setopt_err_ssl_ctx_cb
FN:173,_curl_easy_setopt_err_conv_cb
FN:175,_curl_easy_setopt_err_seek_cb
FN:177,_curl_easy_setopt_err_cb_data
FN:180,_curl_easy_setopt_err_error_buffer
FN:183,_curl_easy_setopt_err_FILE
FN:185,_curl_easy_setopt_err_postfields
FN:187,_curl_easy_setopt_err_curl_httpost
FN:189,_curl_easy_setopt_err_curl_slist
FN:191,_curl_easy_setopt_err_CURLSH
FN:194,_curl_easy_getinfo_err_string
FN:196,_curl_easy_getinfo_err_long
FN:198,_curl_easy_getinfo_err_double
FN:200,_curl_easy_getinfo_err_curl_slist
FNDA:0,_curl_easy_setopt_err_long
FNDA:0,_curl_easy_setopt_err_curl_off_t
FNDA:0,_curl_easy_setopt_err_string
FNDA:0,_curl_easy_setopt_err_write_callback
FNDA:0,_curl_easy_setopt_err_read_cb
FNDA:0,_curl_easy_setopt_err_ioctl_cb
FNDA:0,_curl_easy_setopt_err_sockopt_cb
FNDA:0,_curl_easy_setopt_err_opensocket_cb
FNDA:0,_curl_easy_setopt_err_progress_cb
FNDA:0,_curl_easy_setopt_err_debug_cb
FNDA:0,_curl_easy_setopt_err_ssl_ctx_cb
FNDA:0,_curl_easy_setopt_err_conv_cb
FNDA:0,_curl_easy_setopt_err_seek_cb
FNDA:0,_curl_easy_setopt_err_cb_data
FNDA:0,_curl_easy_setopt_err_error_buffer
FNDA:0,_curl_easy_setopt_err_FILE
FNDA:0,_curl_easy_setopt_err_postfields
FNDA:0,_curl_easy_setopt_err_curl_httpost
FNDA:0,_curl_easy_setopt_err_curl_slist
FNDA:0,_curl_easy_setopt_err_CURLSH
FNDA:0,_curl_easy_getinfo_err_string
FNDA:0,_curl_easy_getinfo_err_long
FNDA:0,_curl_easy_getinfo_err_double
FNDA:0,_curl_easy_getinfo_err_curl_slist
FNF:24
FNH:0
DA:147,0
DA:149,0
DA:151,0
DA:155,0
DA:157,0
DA:159,0
DA:161,0
DA:163,0
DA:167,0
DA:169,0
DA:171,0
DA:173,0
DA:175,0
DA:177,0
DA:180,0
DA:183,0
DA:185,0
DA:187,0
DA:189,0
DA:191,0
DA:194,0
DA:196,0
DA:198,0
DA:200,0
LF:24
LH:0
end_of_record
SF:/home/wsy/文档/c-sdk/qbox/oauth2_digest.c
FN:17,QBox_DigestAuth_Auth
FN:68,QBox_DigestAuth_Release
FN:79,QBox_Client_Init
FNDA:102,QBox_DigestAuth_Auth
FNDA:1,QBox_DigestAuth_Release
FNDA:16,QBox_Client_Init
FNF:3
FNH:3
BRDA:31,9999,0,99
BRDA:31,9999,1,3
BRDA:34,0,0,3
BRDA:34,0,1,99
BRDA:47,9999,0,1
BRDA:47,9999,1,98
BRF:6
BRH:6
DA:17,102
DA:20,102
DA:21,102
DA:23,102
DA:24,102
DA:27,102
DA:28,102
DA:30,102
DA:31,102
DA:32,99
DA:34,102
DA:35,3
DA:36,3
DA:37,3
DA:41,99
DA:43,99
DA:44,99
DA:45,99
DA:47,99
DA:48,1
DA:51,99
DA:52,99
DA:54,99
DA:57,99
DA:58,99
DA:60,99
DA:61,99
DA:63,99
DA:64,99
DA:65,102
DA:68,1
DA:70,1
DA:79,16
DA:81,16
DA:82,16
LF:35
LH:35
end_of_record
TN:
SF:/home/wsy/文档/c-sdk/b64/urlsafe_b64.c
FN:120,urlsafe_b64_encode_
FN:256,urlsafe_b64_decode_
FN:445,urlsafe_b64_encode
FN:460,urlsafe_b64_encode2
FN:505,urlsafe_b64_decode
FN:521,urlsafe_b64_decode2
FNDA:992,urlsafe_b64_encode_
FNDA:28,urlsafe_b64_decode_
FNDA:834,urlsafe_b64_encode
FNDA:0,urlsafe_b64_encode2
FNDA:28,urlsafe_b64_decode
FNDA:0,urlsafe_b64_decode2
FNF:6
FNH:4
BRDA:132,0,0,0
BRDA:132,0,1,992
BRDA:135,0,0,0
BRDA:135,0,1,992
BRDA:139,0,0,-
BRDA:139,0,1,-
BRDA:142,0,0,417
BRDA:142,0,1,575
BRDA:146,0,0,0
BRDA:146,0,1,575
BRDA:158,2,0,3555
BRDA:158,2,1,575
BRDA:185,0,0,3555
BRDA:185,0,1,0
BRDA:185,1,2,0
BRDA:185,1,3,3555
BRDA:186,0,0,3555
BRDA:186,0,1,0
BRDA:186,1,2,0
BRDA:186,1,3,3555
BRDA:187,0,0,3555
BRDA:187,0,1,0
BRDA:187,1,2,0
BRDA:187,1,3,3555
BRDA:188,0,0,3555
BRDA:188,0,1,0
BRDA:188,1,2,0
BRDA:188,1,3,3555
BRDA:193,0,0,0
BRDA:193,0,1,3555
BRDA:195,0,0,0
BRDA:195,0,1,3555
BRDA:198,0,0,0
BRDA:198,0,1,3555
BRDA:200,0,0,0
BRDA:200,0,1,3555
BRDA:203,0,0,0
BRDA:203,0,1,3555
BRDA:205,0,0,0
BRDA:205,0,1,3555
BRDA:208,0,0,0
BRDA:208,0,1,3555
BRDA:210,0,0,0
BRDA:210,0,1,3555
BRDA:210,1,2,-
BRDA:210,1,3,-
BRDA:219,0,0,158
BRDA:219,0,1,417
BRDA:231,2,0,290
BRDA:231,2,1,158
BRDA:236,2,0,184
BRDA:236,2,1,158
BRDA:243,0,0,184
BRDA:243,0,1,158
BRDA:317,0,0,0
BRDA:317,0,1,28
BRDA:318,0,0,0
BRDA:318,0,1,28
BRDA:323,0,0,14
BRDA:323,0,1,14
BRDA:327,0,0,0
BRDA:327,0,1,14
BRDA:347,2,0,364
BRDA:347,2,1,1
BRDA:351,0,0,13
BRDA:351,0,1,351
BRDA:353,0,0,0
BRDA:353,0,1,13
BRDA:364,0,0,0
BRDA:364,0,1,351
BRDA:366,0,0,-
BRDA:366,0,1,-
BRDA:366,0,2,-
BRDA:372,0,0,-
BRDA:372,0,1,-
BRDA:386,0,0,-
BRDA:386,0,1,-
BRDA:402,0,0,0
BRDA:402,0,1,351
BRDA:408,0,0,91
BRDA:408,0,1,273
BRDA:417,0,0,91
BRDA:417,0,1,0
BRDA:423,0,0,78
BRDA:423,0,1,13
BRDA:430,0,0,13
BRDA:430,0,1,78
BRDA:474,0,0,-
BRDA:474,0,1,-
BRDA:479,0,0,-
BRDA:479,0,1,-
BRDA:479,0,2,-
BRDA:479,0,3,-
BRDA:479,0,4,-
BRDA:482,0,0,-
BRDA:482,0,1,-
BRDA:500,0,0,-
BRDA:500,0,1,-
BRDA:537,0,0,-
BRDA:537,0,1,-
BRDA:541,0,0,-
BRDA:541,0,1,-
BRF:102
BRH:50
DA:120,992
DA:130,992
DA:132,992
DA:133,992
DA:135,992
DA:137,0
DA:139,0
DA:142,992
DA:144,417
DA:146,575
DA:148,0
DA:150,0
DA:154,575
DA:155,575
DA:156,575
DA:158,4130
DA:176,3555
DA:178,3555
DA:180,3555
DA:182,3555
DA:185,3555
DA:186,3555
DA:187,3555
DA:188,3555
DA:191,3555
DA:192,3555
DA:193,3555
DA:194,3555
DA:195,3555
DA:197,3555
DA:198,3555
DA:199,3555
DA:200,3555
DA:202,3555
DA:203,3555
DA:204,3555
DA:205,3555
DA:207,3555
DA:208,3555
DA:210,3555
DA:213,0
DA:214,0
DA:215,0
DA:219,575
DA:231,448
DA:233,290
DA:236,342
DA:238,184
DA:241,158
DA:243,342
DA:245,184
DA:249,992
DA:256,28
DA:310,28
DA:311,28
DA:312,28
DA:313,28
DA:317,28
DA:318,28
DA:320,28
DA:321,28
DA:323,28
DA:325,14
DA:327,14
DA:329,0
DA:331,0
DA:341,14
DA:342,14
DA:343,14
DA:344,14
DA:347,365
DA:349,364
DA:351,364
DA:353,13
DA:355,13
DA:357,13
DA:362,351
DA:364,351
DA:366,0
DA:372,0
DA:374,0
DA:375,0
DA:376,0
DA:384,0
DA:386,0
DA:388,0
DA:389,0
DA:390,0
DA:394,0
DA:400,351
DA:402,351
DA:404,351
DA:408,364
DA:412,91
DA:414,91
DA:416,91
DA:417,91
DA:419,91
DA:421,91
DA:423,91
DA:425,78
DA:427,78
DA:430,91
DA:432,13
DA:437,28
DA:445,834
DA:457,834
DA:460,0
DA:474,0
DA:476,0
DA:479,0
DA:482,0
DA:484,0
DA:488,0
DA:489,0
DA:491,0
DA:492,0
DA:494,0
DA:496,0
DA:497,0
DA:500,0
DA:502,0
DA:505,28
DA:518,28
DA:521,0
DA:537,0
DA:539,0
DA:541,0
DA:543,0
DA:546,0
LF:130
LH:89
end_of_record
TN:
SF:/home/wsy/文档/c-sdk/qbox/rs_up.c
FN:15,QBox_RS_ResumablePut
FNDA:11,QBox_RS_ResumablePut
FNF:1
FNH:1
BRDA:26,9999,0,5
BRDA:26,9999,1,6
BRDA:30,0,0,3
BRDA:30,0,1,3
BRF:4
BRH:4
DA:15,11
DA:22,11
DA:23,11
DA:25,11
DA:26,11
DA:27,5
DA:30,6
DA:31,3
DA:34,6
DA:46,6
DA:48,11
LF:11
LH:11
end_of_record
TN:
SF:/home/wsy/文档/c-sdk/unit-test/test_suite_up_demo.c
FN:32,up_demo
FN:157,test_by_up_demo
FN:161,test_ctx
FN:166,test_auth_policy
FN:190,suite_up_demo_init
FN:199,suite_up_demo_clean
FN:213,AddTestsUpDemo
FNDA:3,up_demo
FNDA:1,test_by_up_demo
FNDA:1,test_ctx
FNDA:1,test_auth_policy
FNDA:1,suite_up_demo_init
FNDA:1,suite_up_demo_clean
FNDA:1,AddTestsUpDemo
FNF:7
FNH:7
BRDA:66,9999,0,0
BRDA:66,9999,1,3
BRDA:81,9999,0,3
BRDA:81,9999,1,0
BRDA:87,9999,0,1
BRDA:87,9999,1,2
BRDA:91,0,0,1
BRDA:91,0,1,1
BRDA:120,9999,0,0
BRDA:120,9999,1,3
BRDA:137,9999,0,0
BRDA:137,9999,1,3
BRDA:174,9999,0,0
BRDA:174,9999,1,1
BRDA:215,0,1,0
BRDA:215,0,2,1
BRDA:216,0,1,0
BRDA:216,0,2,1
BRDA:219,0,1,0
BRDA:219,0,2,1
BRF:20
BRH:12
DA:32,3
DA:41,3
DA:42,3
DA:43,3
DA:44,3
DA:45,3
DA:51,3
DA:52,3
DA:55,3
DA:58,3
DA:59,3
DA:65,3
DA:66,3
DA:69,0
DA:77,3
DA:79,3
DA:81,3
DA:82,3
DA:86,3
DA:87,3
DA:88,1
DA:89,1
DA:91,2
DA:92,1
DA:93,1
DA:98,3
DA:99,3
DA:100,3
DA:114,3
DA:116,3
DA:118,3
DA:120,3
DA:123,0
DA:124,0
DA:127,3
DA:133,3
DA:135,3
DA:137,3
DA:140,0
DA:141,0
DA:144,3
DA:151,3
DA:152,3
DA:155,3
DA:157,1
DA:158,1
DA:159,1
DA:161,1
DA:162,1
DA:163,1
DA:164,1
DA:166,1
DA:168,1
DA:169,1
DA:170,1
DA:171,1
DA:172,1
DA:173,1
DA:174,1
DA:175,0
DA:176,1
DA:190,1
DA:193,1
DA:194,1
DA:196,1
DA:199,1
DA:201,1
DA:202,1
DA:213,1
DA:215,1
DA:216,1
DA:219,1
DA:220,0
DA:221,0
DA:223,1
LF:75
LH:67
end_of_record
TN:
SF:/home/wsy/文档/c-sdk/qbox/base.c
FN:36,QBox_Count_Inc
FN:41,QBox_Count_Dec
FN:51,QBox_Seconds
FN:59,QBox_shouldEscape
FN:76,QBox_QueryEscape
FN:127,QBox_String_Concat2
FN:138,QBox_String_Concat3
FN:151,QBox_String_Concat
FN:189,QBox_String_Encode
FN:199,QBox_Memory_Encode
FN:208,QBox_String_Decode
FN:221,QBox_Buffer_expand
FN:234,QBox_Buffer_Init
FN:240,QBox_Buffer_Reset
FN:245,QBox_Buffer_Cleanup
FN:253,QBox_Buffer_Len
FN:258,QBox_Buffer_CStr
FN:267,QBox_Buffer_Write
FN:277,QBox_Buffer_Fwrite
FN:286,QBox_Null_Fwrite
FN:294,QBox_FILE_Reader
FNDA:5,QBox_Count_Inc
FNDA:13,QBox_Count_Dec
FNDA:29,QBox_Seconds
FNDA:272,QBox_shouldEscape
FNDA:18,QBox_QueryEscape
FNDA:13,QBox_String_Concat2
FNDA:169,QBox_String_Concat3
FNDA:562,QBox_String_Concat
FNDA:305,QBox_String_Encode
FNDA:112,QBox_Memory_Encode
FNDA:14,QBox_String_Decode
FNDA:3,QBox_Buffer_expand
FNDA:51,QBox_Buffer_Init
FNDA:304,QBox_Buffer_Reset
FNDA:41,QBox_Buffer_Cleanup
FNDA:308,QBox_Buffer_Len
FNDA:259,QBox_Buffer_CStr
FNDA:260,QBox_Buffer_Write
FNDA:258,QBox_Buffer_Fwrite
FNDA:3,QBox_Null_Fwrite
FNDA:15,QBox_FILE_Reader
FNF:21
FNH:21
BRDA:61,0,0,224
BRDA:61,0,1,48
BRDA:61,1,2,220
BRDA:61,1,3,4
BRDA:61,2,4,220
BRDA:61,2,5,48
BRDA:61,3,6,4
BRDA:61,3,7,216
BRDA:61,4,8,28
BRDA:61,4,9,24
BRDA:61,5,10,8
BRDA:61,5,11,20
BRDA:65,0,0,20
BRDA:65,0,1,24
BRDA:84,2,0,150
BRDA:84,2,1,18
BRDA:86,0,1,12
BRDA:86,0,2,138
BRDA:87,0,0,4
BRDA:87,0,1,8
BRDA:95,0,0,16
BRDA:95,0,1,2
BRDA:95,1,2,8
BRDA:95,1,3,8
BRDA:102,2,0,122
BRDA:102,2,1,10
BRDA:104,0,1,12
BRDA:104,0,2,110
BRDA:105,0,0,4
BRDA:105,0,1,8
BRDA:161,0,0,2167
BRDA:161,0,1,39
BRDA:162,0,0,562
BRDA:162,0,1,1644
BRDA:174,0,0,2167
BRDA:174,0,1,39
BRDA:175,0,0,562
BRDA:175,0,1,1644
BRDA:226,1,0,2
BRDA:226,1,1,3
BRDA:247,0,0,37
BRDA:247,0,1,4
BRDA:260,0,0,1
BRDA:260,0,1,258
BRDA:269,0,0,2
BRDA:269,0,1,258
BRDA:279,0,0,0
BRDA:279,0,1,258
BRF:48
BRH:47
DA:36,5
DA:38,5
DA:41,13
DA:43,13
DA:51,29
DA:53,29
DA:59,272
DA:61,272
DA:62,228
DA:65,44
DA:68,20
DA:71,272
DA:76,18
DA:78,18
DA:79,18
DA:80,18
DA:84,168
DA:85,150
DA:86,150
DA:87,12
DA:88,4
DA:90,8
DA:95,18
DA:96,8
DA:97,8
DA:100,10
DA:101,10
DA:102,132
DA:103,122
DA:104,122
DA:105,12
DA:106,4
DA:107,4
DA:109,8
DA:110,8
DA:111,8
DA:112,8
DA:115,110
DA:116,110
DA:119,10
DA:120,10
DA:121,18
DA:127,13
DA:129,13
DA:130,13
DA:131,13
DA:132,13
DA:133,13
DA:134,13
DA:135,13
DA:138,169
DA:140,169
DA:141,169
DA:142,169
DA:143,169
DA:144,169
DA:145,169
DA:146,169
DA:147,169
DA:148,169
DA:151,562
DA:156,562
DA:158,562
DA:159,562
DA:161,2206
DA:162,2206
DA:163,562
DA:165,1644
DA:166,1644
DA:168,562
DA:170,562
DA:171,562
DA:172,562
DA:174,2206
DA:175,2206
DA:176,562
DA:178,1644
DA:179,1644
DA:180,1644
DA:181,1644
DA:182,562
DA:183,562
DA:189,305
DA:191,305
DA:192,305
DA:193,305
DA:194,305
DA:195,305
DA:196,305
DA:199,112
DA:201,112
DA:202,112
DA:203,112
DA:204,112
DA:205,112
DA:208,14
DA:210,14
DA:211,14
DA:212,14
DA:213,14
DA:214,14
DA:215,14
DA:221,3
DA:223,3
DA:224,3
DA:225,3
DA:226,5
DA:227,2
DA:229,3
DA:230,3
DA:231,3
DA:232,3
DA:234,51
DA:236,51
DA:237,51
DA:238,51
DA:240,304
DA:242,304
DA:243,304
DA:245,41
DA:247,41
DA:248,37
DA:249,37
DA:251,41
DA:253,308
DA:255,308
DA:258,259
DA:260,259
DA:261,1
DA:263,259
DA:264,259
DA:267,260
DA:269,260
DA:270,2
DA:272,260
DA:273,260
DA:274,260
DA:277,258
DA:279,258
DA:280,258
DA:286,3
DA:288,3
DA:294,15
DA:296,15
DA:297,15
LF:145
LH:145
end_of_record
TN:
SF:/home/wsy/文档/c-sdk/unit-test/test_suite_rs.c
FN:26,test_QBox_RS_PutAuth
FN:43,test_QBox_RS_PutAuthEx
FN:82,test_QBox_RS_Put
FN:163,test_QBox_RS_PutFile
FN:185,test_QBox_RS_Get
FN:215,test_QBox_RS_GetIfNotModified
FN:248,test_QBox_RS_Stat
FN:280,test_QBox_RS_Publish
FN:288,test_QBox_RS_Unpublish
FN:295,test_QBox_RS_Delete
FN:313,test_QBox_RS_Create_and_Drop
FN:356,suite_rs_init
FN:370,suite_rs_clean
FN:386,AddTestsRS
FNDA:1,test_QBox_RS_PutAuth
FNDA:1,test_QBox_RS_PutAuthEx
FNDA:1,test_QBox_RS_Put
FNDA:1,test_QBox_RS_PutFile
FNDA:1,test_QBox_RS_Get
FNDA:1,test_QBox_RS_GetIfNotModified
FNDA:1,test_QBox_RS_Stat
FNDA:1,test_QBox_RS_Publish
FNDA:1,test_QBox_RS_Unpublish
FNDA:1,test_QBox_RS_Delete
FNDA:1,test_QBox_RS_Create_and_Drop
FNDA:1,suite_rs_init
FNDA:1,suite_rs_clean
FNDA:1,AddTestsRS
FNF:14
FNH:14
BRDA:95,9999,0,0
BRDA:95,9999,1,1
BRDA:109,9999,0,0
BRDA:109,9999,1,1
BRDA:119,9999,0,0
BRDA:119,9999,1,1
BRDA:129,9999,0,0
BRDA:129,9999,1,1
BRDA:139,9999,0,0
BRDA:139,9999,1,1
BRDA:150,9999,0,0
BRDA:150,9999,1,1
BRDA:202,9999,0,0
BRDA:202,9999,1,1
BRDA:232,9999,0,0
BRDA:232,9999,1,1
BRDA:267,9999,0,0
BRDA:267,9999,1,1
BRDA:303,9999,0,0
BRDA:303,9999,1,1
BRDA:388,0,1,0
BRDA:388,0,2,1
BRDA:389,0,1,0
BRDA:389,0,2,1
BRDA:392,0,1,0
BRDA:392,0,2,1
BRF:26
BRH:13
DA:26,1
DA:27,1
DA:30,1
DA:31,1
DA:32,1
DA:33,1
DA:34,1
DA:37,1
DA:38,1
DA:40,1
DA:41,1
DA:43,1
DA:44,1
DA:45,1
DA:48,1
DA:49,1
DA:51,1
DA:54,1
DA:55,1
DA:56,1
DA:58,1
DA:62,1
DA:63,1
DA:64,1
DA:65,1
DA:68,1
DA:72,1
DA:73,1
DA:74,1
DA:75,1
DA:76,1
DA:78,1
DA:79,1
DA:80,1
DA:82,1
DA:83,1
DA:84,1
DA:85,1
DA:86,1
DA:89,1
DA:90,1
DA:94,1
DA:95,1
DA:96,1
DA:97,1
DA:98,1
DA:99,1
DA:102,1
DA:107,1
DA:108,1
DA:109,1
DA:110,1
DA:111,1
DA:112,1
DA:113,1
DA:117,1
DA:118,1
DA:119,1
DA:120,1
DA:121,1
DA:122,1
DA:123,1
DA:127,1
DA:128,1
DA:129,1
DA:130,1
DA:131,1
DA:132,1
DA:133,1
DA:137,1
DA:138,1
DA:139,1
DA:140,1
DA:141,1
DA:142,1
DA:143,1
DA:147,1
DA:148,1
DA:149,1
DA:150,1
DA:151,1
DA:152,1
DA:153,1
DA:154,1
DA:155,1
DA:156,1
DA:158,1
DA:163,1
DA:164,1
DA:165,1
DA:166,1
DA:167,1
DA:169,1
DA:170,1
DA:173,1
DA:174,1
DA:175,1
DA:177,1
DA:178,1
DA:179,1
DA:181,1
DA:182,1
DA:183,1
DA:185,1
DA:186,1
DA:187,1
DA:188,1
DA:191,1
DA:192,1
DA:194,1
DA:195,1
DA:197,1
DA:198,1
DA:199,1
DA:200,1
DA:201,1
DA:202,1
DA:203,0
DA:205,1
DA:206,1
DA:208,1
DA:209,1
DA:212,1
DA:213,1
DA:215,1
DA:216,1
DA:217,1
DA:218,1
DA:220,1
DA:222,1
DA:223,1
DA:224,1
DA:227,1
DA:228,1
DA:229,1
DA:230,1
DA:231,1
DA:232,1
DA:233,0
DA:235,1
DA:236,1
DA:237,1
DA:239,1
DA:241,1
DA:242,1
DA:245,1
DA:246,1
DA:248,1
DA:249,1
DA:250,1
DA:251,1
DA:253,1
DA:254,1
DA:255,1
DA:258,1
DA:260,1
DA:261,1
DA:262,1
DA:264,1
DA:265,1
DA:266,1
DA:267,1
DA:268,0
DA:270,1
DA:271,1
DA:273,1
DA:275,1
DA:277,1
DA:278,1
DA:280,1
DA:281,1
DA:282,1
DA:284,1
DA:285,1
DA:286,1
DA:288,1
DA:289,1
DA:291,1
DA:292,1
DA:293,1
DA:295,1
DA:296,1
DA:297,1
DA:299,1
DA:300,1
DA:301,1
DA:302,1
DA:303,1
DA:304,0
DA:306,1
DA:307,1
DA:309,1
DA:310,1
DA:311,1
DA:313,1
DA:314,1
DA:316,1
DA:317,1
DA:318,1
DA:321,1
DA:322,1
DA:326,1
DA:327,1
DA:330,1
DA:331,1
DA:334,1
DA:356,1
DA:359,1
DA:360,1
DA:362,1
DA:363,1
DA:365,1
DA:367,1
DA:370,1
DA:372,1
DA:373,1
DA:375,1
DA:386,1
DA:388,1
DA:389,1
DA:392,1
DA:393,0
DA:394,0
DA:396,1
LF:224
LH:218
end_of_record
